[2025-04-05T19:46:56.756+0000] {local_task_job_runner.py:123} INFO - ::group::Pre task execution logs
[2025-04-05T19:46:56.844+0000] {taskinstance.py:2614} INFO - Dependencies all met for dep_context=non-requeueable deps ti=<TaskInstance: fetch_and_store_data.trigger_dbt_run manual__2025-04-05T19:38:16.495751+00:00 [queued]>
[2025-04-05T19:46:56.876+0000] {taskinstance.py:2614} INFO - Dependencies all met for dep_context=requeueable deps ti=<TaskInstance: fetch_and_store_data.trigger_dbt_run manual__2025-04-05T19:38:16.495751+00:00 [queued]>
[2025-04-05T19:46:56.877+0000] {taskinstance.py:2867} INFO - Starting attempt 1 of 2
[2025-04-05T19:46:56.944+0000] {taskinstance.py:2890} INFO - Executing <Task(BashOperator): trigger_dbt_run> on 2025-04-05 19:38:16.495751+00:00
[2025-04-05T19:46:56.956+0000] {standard_task_runner.py:72} INFO - Started process 273 to run task
[2025-04-05T19:46:56.962+0000] {standard_task_runner.py:104} INFO - Running: ['airflow', 'tasks', 'run', 'fetch_and_store_data', 'trigger_dbt_run', 'manual__2025-04-05T19:38:16.495751+00:00', '--job-id', '61', '--raw', '--subdir', 'DAGS_FOLDER/reverse_etl_dag.py', '--cfg-path', '/tmp/tmp1olyz46e']
[2025-04-05T19:46:56.974+0000] {standard_task_runner.py:105} INFO - Job 61: Subtask trigger_dbt_run
[2025-04-05T19:46:57.098+0000] {task_command.py:467} INFO - Running <TaskInstance: fetch_and_store_data.trigger_dbt_run manual__2025-04-05T19:38:16.495751+00:00 [running]> on host 830eaf47e7f8
[2025-04-05T19:46:57.286+0000] {taskinstance.py:3134} INFO - Exporting env vars: AIRFLOW_CTX_DAG_OWNER='airflow' AIRFLOW_CTX_DAG_ID='fetch_and_store_data' AIRFLOW_CTX_TASK_ID='trigger_dbt_run' AIRFLOW_CTX_EXECUTION_DATE='2025-04-05T19:38:16.495751+00:00' AIRFLOW_CTX_TRY_NUMBER='1' AIRFLOW_CTX_DAG_RUN_ID='manual__2025-04-05T19:38:16.495751+00:00'
[2025-04-05T19:46:57.288+0000] {taskinstance.py:732} INFO - ::endgroup::
[2025-04-05T19:46:57.305+0000] {subprocess.py:78} INFO - Tmp dir root location: /tmp
[2025-04-05T19:46:57.307+0000] {subprocess.py:88} INFO - Running command: ['/usr/bin/bash', '-c', ' cd /usr/local/airflow/dags/reverse_etl && dbt run']
[2025-04-05T19:46:57.317+0000] {subprocess.py:99} INFO - Output:
[2025-04-05T19:47:01.628+0000] {subprocess.py:106} INFO - [0m19:47:01  Running with dbt=1.9.4
[2025-04-05T19:47:02.119+0000] {subprocess.py:106} INFO - [0m19:47:02  Registered adapter: postgres=1.9.0
[2025-04-05T19:47:03.240+0000] {subprocess.py:106} INFO - [0m19:47:03  Found 1 model, 1 source, 434 macros
[2025-04-05T19:47:03.244+0000] {subprocess.py:106} INFO - [0m19:47:03
[2025-04-05T19:47:03.245+0000] {subprocess.py:106} INFO - [0m19:47:03  Concurrency: 2 threads (target='dev')
[2025-04-05T19:47:03.247+0000] {subprocess.py:106} INFO - [0m19:47:03
[2025-04-05T19:47:15.568+0000] {subprocess.py:106} INFO - [0m19:47:15  1 of 1 START sql table model aggregated.survival_rate .......................... [RUN]
[2025-04-05T19:47:20.062+0000] {subprocess.py:106} INFO - [0m19:47:20  1 of 1 OK created sql table model aggregated.survival_rate ..................... [[32mSELECT 0[0m in 4.49s]
[2025-04-05T19:47:23.797+0000] {subprocess.py:106} INFO - [0m19:47:23
[2025-04-05T19:47:23.798+0000] {subprocess.py:106} INFO - [0m19:47:23  Finished running 1 table model in 0 hours 0 minutes and 20.55 seconds (20.55s).
[2025-04-05T19:47:23.903+0000] {subprocess.py:106} INFO - [0m19:47:23
[2025-04-05T19:47:23.904+0000] {subprocess.py:106} INFO - [0m19:47:23  [32mCompleted successfully[0m
[2025-04-05T19:47:23.906+0000] {subprocess.py:106} INFO - [0m19:47:23
[2025-04-05T19:47:23.907+0000] {subprocess.py:106} INFO - [0m19:47:23  Done. PASS=1 WARN=0 ERROR=0 SKIP=0 TOTAL=1
[2025-04-05T19:47:26.825+0000] {subprocess.py:110} INFO - Command exited with return code 0
[2025-04-05T19:47:26.907+0000] {taskinstance.py:341} INFO - ::group::Post task execution logs
[2025-04-05T19:47:26.908+0000] {taskinstance.py:353} INFO - Marking task as SUCCESS. dag_id=fetch_and_store_data, task_id=trigger_dbt_run, run_id=manual__2025-04-05T19:38:16.495751+00:00, execution_date=20250405T193816, start_date=20250405T194656, end_date=20250405T194726
[2025-04-05T19:47:27.073+0000] {local_task_job_runner.py:266} INFO - Task exited with return code 0
[2025-04-05T19:47:27.116+0000] {taskinstance.py:3901} INFO - 0 downstream tasks scheduled from follow-on schedule check
[2025-04-05T19:47:27.118+0000] {local_task_job_runner.py:245} INFO - ::endgroup::
