[2025-04-06T02:27:40.359+0000] {processor.py:186} INFO - Started process (PID=56) to work on /usr/local/airflow/dags/reverse_etl_dag.py
[2025-04-06T02:27:40.362+0000] {processor.py:914} INFO - Processing file /usr/local/airflow/dags/reverse_etl_dag.py for tasks to queue
[2025-04-06T02:27:40.372+0000] {logging_mixin.py:190} INFO - [2025-04-06T02:27:40.371+0000] {dagbag.py:588} INFO - Filling up the DagBag from /usr/local/airflow/dags/reverse_etl_dag.py
[2025-04-06T02:27:40.531+0000] {processor.py:925} INFO - DAG(s) 'fetch_and_store_data' retrieved from /usr/local/airflow/dags/reverse_etl_dag.py
[2025-04-06T02:27:40.670+0000] {logging_mixin.py:190} INFO - [2025-04-06T02:27:40.670+0000] {dag.py:3239} INFO - Sync 1 DAGs
[2025-04-06T02:27:40.791+0000] {logging_mixin.py:190} INFO - [2025-04-06T02:27:40.791+0000] {dag.py:4180} INFO - Setting next_dagrun for fetch_and_store_data to 2025-04-05 00:00:00+00:00, run_after=2025-04-06 00:00:00+00:00
[2025-04-06T02:27:40.970+0000] {processor.py:208} INFO - Processing /usr/local/airflow/dags/reverse_etl_dag.py took 0.629 seconds
[2025-04-06T02:33:38.356+0000] {processor.py:186} INFO - Started process (PID=131) to work on /usr/local/airflow/dags/reverse_etl_dag.py
[2025-04-06T02:33:38.359+0000] {processor.py:914} INFO - Processing file /usr/local/airflow/dags/reverse_etl_dag.py for tasks to queue
[2025-04-06T02:33:38.361+0000] {logging_mixin.py:190} INFO - [2025-04-06T02:33:38.360+0000] {dagbag.py:588} INFO - Filling up the DagBag from /usr/local/airflow/dags/reverse_etl_dag.py
[2025-04-06T02:33:38.401+0000] {processor.py:925} INFO - DAG(s) 'fetch_and_store_data' retrieved from /usr/local/airflow/dags/reverse_etl_dag.py
[2025-04-06T02:33:38.460+0000] {logging_mixin.py:190} INFO - [2025-04-06T02:33:38.459+0000] {dag.py:3239} INFO - Sync 1 DAGs
[2025-04-06T02:33:38.498+0000] {logging_mixin.py:190} INFO - [2025-04-06T02:33:38.498+0000] {dag.py:4180} INFO - Setting next_dagrun for fetch_and_store_data to 2025-04-06 00:00:00+00:00, run_after=2025-04-07 00:00:00+00:00
[2025-04-06T02:33:38.604+0000] {processor.py:208} INFO - Processing /usr/local/airflow/dags/reverse_etl_dag.py took 0.257 seconds
[2025-04-06T02:37:29.749+0000] {processor.py:186} INFO - Started process (PID=154) to work on /usr/local/airflow/dags/reverse_etl_dag.py
[2025-04-06T02:37:29.753+0000] {processor.py:914} INFO - Processing file /usr/local/airflow/dags/reverse_etl_dag.py for tasks to queue
[2025-04-06T02:37:29.758+0000] {logging_mixin.py:190} INFO - [2025-04-06T02:37:29.757+0000] {dagbag.py:588} INFO - Filling up the DagBag from /usr/local/airflow/dags/reverse_etl_dag.py
[2025-04-06T02:37:29.811+0000] {processor.py:925} INFO - DAG(s) 'fetch_and_store_data' retrieved from /usr/local/airflow/dags/reverse_etl_dag.py
[2025-04-06T02:37:29.887+0000] {logging_mixin.py:190} INFO - [2025-04-06T02:37:29.886+0000] {dag.py:3239} INFO - Sync 1 DAGs
[2025-04-06T02:37:29.950+0000] {logging_mixin.py:190} INFO - [2025-04-06T02:37:29.948+0000] {dag.py:4180} INFO - Setting next_dagrun for fetch_and_store_data to 2025-04-06 00:00:00+00:00, run_after=2025-04-07 00:00:00+00:00
[2025-04-06T02:37:30.073+0000] {processor.py:208} INFO - Processing /usr/local/airflow/dags/reverse_etl_dag.py took 0.336 seconds
[2025-04-06T02:39:08.107+0000] {processor.py:186} INFO - Started process (PID=167) to work on /usr/local/airflow/dags/reverse_etl_dag.py
[2025-04-06T02:39:08.111+0000] {processor.py:914} INFO - Processing file /usr/local/airflow/dags/reverse_etl_dag.py for tasks to queue
[2025-04-06T02:39:08.116+0000] {logging_mixin.py:190} INFO - [2025-04-06T02:39:08.115+0000] {dagbag.py:588} INFO - Filling up the DagBag from /usr/local/airflow/dags/reverse_etl_dag.py
[2025-04-06T02:39:08.238+0000] {processor.py:925} INFO - DAG(s) 'fetch_and_store_data' retrieved from /usr/local/airflow/dags/reverse_etl_dag.py
[2025-04-06T02:39:08.313+0000] {logging_mixin.py:190} INFO - [2025-04-06T02:39:08.313+0000] {dag.py:3239} INFO - Sync 1 DAGs
[2025-04-06T02:39:08.353+0000] {logging_mixin.py:190} INFO - [2025-04-06T02:39:08.352+0000] {dag.py:4180} INFO - Setting next_dagrun for fetch_and_store_data to 2025-04-06 00:00:00+00:00, run_after=2025-04-07 00:00:00+00:00
[2025-04-06T02:39:08.451+0000] {processor.py:208} INFO - Processing /usr/local/airflow/dags/reverse_etl_dag.py took 0.303 seconds
[2025-04-06T02:39:53.559+0000] {processor.py:186} INFO - Started process (PID=189) to work on /usr/local/airflow/dags/reverse_etl_dag.py
[2025-04-06T02:39:53.561+0000] {processor.py:914} INFO - Processing file /usr/local/airflow/dags/reverse_etl_dag.py for tasks to queue
[2025-04-06T02:39:53.566+0000] {logging_mixin.py:190} INFO - [2025-04-06T02:39:53.565+0000] {dagbag.py:588} INFO - Filling up the DagBag from /usr/local/airflow/dags/reverse_etl_dag.py
[2025-04-06T02:39:53.615+0000] {processor.py:925} INFO - DAG(s) 'fetch_and_store_data' retrieved from /usr/local/airflow/dags/reverse_etl_dag.py
[2025-04-06T02:39:53.689+0000] {logging_mixin.py:190} INFO - [2025-04-06T02:39:53.689+0000] {dag.py:3239} INFO - Sync 1 DAGs
[2025-04-06T02:39:53.747+0000] {logging_mixin.py:190} INFO - [2025-04-06T02:39:53.747+0000] {dag.py:4180} INFO - Setting next_dagrun for fetch_and_store_data to 2025-04-06 00:00:00+00:00, run_after=2025-04-07 00:00:00+00:00
[2025-04-06T02:39:53.862+0000] {processor.py:208} INFO - Processing /usr/local/airflow/dags/reverse_etl_dag.py took 0.314 seconds
[2025-04-06T02:40:24.374+0000] {processor.py:186} INFO - Started process (PID=190) to work on /usr/local/airflow/dags/reverse_etl_dag.py
[2025-04-06T02:40:24.375+0000] {processor.py:914} INFO - Processing file /usr/local/airflow/dags/reverse_etl_dag.py for tasks to queue
[2025-04-06T02:40:24.378+0000] {logging_mixin.py:190} INFO - [2025-04-06T02:40:24.377+0000] {dagbag.py:588} INFO - Filling up the DagBag from /usr/local/airflow/dags/reverse_etl_dag.py
[2025-04-06T02:40:24.427+0000] {processor.py:925} INFO - DAG(s) 'fetch_and_store_data' retrieved from /usr/local/airflow/dags/reverse_etl_dag.py
[2025-04-06T02:40:24.494+0000] {logging_mixin.py:190} INFO - [2025-04-06T02:40:24.494+0000] {dag.py:3239} INFO - Sync 1 DAGs
[2025-04-06T02:40:24.539+0000] {logging_mixin.py:190} INFO - [2025-04-06T02:40:24.539+0000] {dag.py:4180} INFO - Setting next_dagrun for fetch_and_store_data to 2025-04-06 00:00:00+00:00, run_after=2025-04-07 00:00:00+00:00
[2025-04-06T02:40:24.665+0000] {processor.py:208} INFO - Processing /usr/local/airflow/dags/reverse_etl_dag.py took 0.302 seconds
[2025-04-06T02:40:55.550+0000] {processor.py:186} INFO - Started process (PID=191) to work on /usr/local/airflow/dags/reverse_etl_dag.py
[2025-04-06T02:40:55.551+0000] {processor.py:914} INFO - Processing file /usr/local/airflow/dags/reverse_etl_dag.py for tasks to queue
[2025-04-06T02:40:55.554+0000] {logging_mixin.py:190} INFO - [2025-04-06T02:40:55.553+0000] {dagbag.py:588} INFO - Filling up the DagBag from /usr/local/airflow/dags/reverse_etl_dag.py
[2025-04-06T02:40:55.586+0000] {processor.py:925} INFO - DAG(s) 'fetch_and_store_data' retrieved from /usr/local/airflow/dags/reverse_etl_dag.py
[2025-04-06T02:40:55.650+0000] {logging_mixin.py:190} INFO - [2025-04-06T02:40:55.648+0000] {dag.py:3239} INFO - Sync 1 DAGs
[2025-04-06T02:40:55.697+0000] {logging_mixin.py:190} INFO - [2025-04-06T02:40:55.696+0000] {dag.py:4180} INFO - Setting next_dagrun for fetch_and_store_data to 2025-04-06 00:00:00+00:00, run_after=2025-04-07 00:00:00+00:00
[2025-04-06T02:40:55.815+0000] {processor.py:208} INFO - Processing /usr/local/airflow/dags/reverse_etl_dag.py took 0.285 seconds
[2025-04-06T02:41:26.188+0000] {processor.py:186} INFO - Started process (PID=192) to work on /usr/local/airflow/dags/reverse_etl_dag.py
[2025-04-06T02:41:26.190+0000] {processor.py:914} INFO - Processing file /usr/local/airflow/dags/reverse_etl_dag.py for tasks to queue
[2025-04-06T02:41:26.192+0000] {logging_mixin.py:190} INFO - [2025-04-06T02:41:26.191+0000] {dagbag.py:588} INFO - Filling up the DagBag from /usr/local/airflow/dags/reverse_etl_dag.py
[2025-04-06T02:41:26.236+0000] {processor.py:925} INFO - DAG(s) 'fetch_and_store_data' retrieved from /usr/local/airflow/dags/reverse_etl_dag.py
[2025-04-06T02:41:26.300+0000] {logging_mixin.py:190} INFO - [2025-04-06T02:41:26.299+0000] {dag.py:3239} INFO - Sync 1 DAGs
[2025-04-06T02:41:26.342+0000] {logging_mixin.py:190} INFO - [2025-04-06T02:41:26.341+0000] {dag.py:4180} INFO - Setting next_dagrun for fetch_and_store_data to 2025-04-06 00:00:00+00:00, run_after=2025-04-07 00:00:00+00:00
[2025-04-06T02:41:26.467+0000] {processor.py:208} INFO - Processing /usr/local/airflow/dags/reverse_etl_dag.py took 0.291 seconds
[2025-04-06T02:41:57.182+0000] {processor.py:186} INFO - Started process (PID=193) to work on /usr/local/airflow/dags/reverse_etl_dag.py
[2025-04-06T02:41:57.184+0000] {processor.py:914} INFO - Processing file /usr/local/airflow/dags/reverse_etl_dag.py for tasks to queue
[2025-04-06T02:41:57.188+0000] {logging_mixin.py:190} INFO - [2025-04-06T02:41:57.187+0000] {dagbag.py:588} INFO - Filling up the DagBag from /usr/local/airflow/dags/reverse_etl_dag.py
[2025-04-06T02:41:57.243+0000] {processor.py:925} INFO - DAG(s) 'fetch_and_store_data' retrieved from /usr/local/airflow/dags/reverse_etl_dag.py
[2025-04-06T02:41:57.311+0000] {logging_mixin.py:190} INFO - [2025-04-06T02:41:57.310+0000] {dag.py:3239} INFO - Sync 1 DAGs
[2025-04-06T02:41:57.360+0000] {logging_mixin.py:190} INFO - [2025-04-06T02:41:57.360+0000] {dag.py:4180} INFO - Setting next_dagrun for fetch_and_store_data to 2025-04-06 00:00:00+00:00, run_after=2025-04-07 00:00:00+00:00
[2025-04-06T02:41:57.485+0000] {processor.py:208} INFO - Processing /usr/local/airflow/dags/reverse_etl_dag.py took 0.314 seconds
[2025-04-06T02:42:28.075+0000] {processor.py:186} INFO - Started process (PID=194) to work on /usr/local/airflow/dags/reverse_etl_dag.py
[2025-04-06T02:42:28.078+0000] {processor.py:914} INFO - Processing file /usr/local/airflow/dags/reverse_etl_dag.py for tasks to queue
[2025-04-06T02:42:28.081+0000] {logging_mixin.py:190} INFO - [2025-04-06T02:42:28.080+0000] {dagbag.py:588} INFO - Filling up the DagBag from /usr/local/airflow/dags/reverse_etl_dag.py
[2025-04-06T02:42:28.116+0000] {processor.py:925} INFO - DAG(s) 'fetch_and_store_data' retrieved from /usr/local/airflow/dags/reverse_etl_dag.py
[2025-04-06T02:42:28.177+0000] {logging_mixin.py:190} INFO - [2025-04-06T02:42:28.176+0000] {dag.py:3239} INFO - Sync 1 DAGs
[2025-04-06T02:42:28.228+0000] {logging_mixin.py:190} INFO - [2025-04-06T02:42:28.227+0000] {dag.py:4180} INFO - Setting next_dagrun for fetch_and_store_data to 2025-04-06 00:00:00+00:00, run_after=2025-04-07 00:00:00+00:00
[2025-04-06T02:42:28.376+0000] {processor.py:208} INFO - Processing /usr/local/airflow/dags/reverse_etl_dag.py took 0.315 seconds
[2025-04-06T02:42:58.602+0000] {processor.py:186} INFO - Started process (PID=195) to work on /usr/local/airflow/dags/reverse_etl_dag.py
[2025-04-06T02:42:58.604+0000] {processor.py:914} INFO - Processing file /usr/local/airflow/dags/reverse_etl_dag.py for tasks to queue
[2025-04-06T02:42:58.607+0000] {logging_mixin.py:190} INFO - [2025-04-06T02:42:58.606+0000] {dagbag.py:588} INFO - Filling up the DagBag from /usr/local/airflow/dags/reverse_etl_dag.py
[2025-04-06T02:42:58.654+0000] {processor.py:925} INFO - DAG(s) 'fetch_and_store_data' retrieved from /usr/local/airflow/dags/reverse_etl_dag.py
[2025-04-06T02:42:58.715+0000] {logging_mixin.py:190} INFO - [2025-04-06T02:42:58.714+0000] {dag.py:3239} INFO - Sync 1 DAGs
[2025-04-06T02:42:58.764+0000] {logging_mixin.py:190} INFO - [2025-04-06T02:42:58.763+0000] {dag.py:4180} INFO - Setting next_dagrun for fetch_and_store_data to 2025-04-06 00:00:00+00:00, run_after=2025-04-07 00:00:00+00:00
[2025-04-06T02:42:58.848+0000] {processor.py:208} INFO - Processing /usr/local/airflow/dags/reverse_etl_dag.py took 0.260 seconds
[2025-04-06T02:43:30.081+0000] {processor.py:186} INFO - Started process (PID=196) to work on /usr/local/airflow/dags/reverse_etl_dag.py
[2025-04-06T02:43:30.083+0000] {processor.py:914} INFO - Processing file /usr/local/airflow/dags/reverse_etl_dag.py for tasks to queue
[2025-04-06T02:43:30.086+0000] {logging_mixin.py:190} INFO - [2025-04-06T02:43:30.086+0000] {dagbag.py:588} INFO - Filling up the DagBag from /usr/local/airflow/dags/reverse_etl_dag.py
[2025-04-06T02:43:30.128+0000] {processor.py:925} INFO - DAG(s) 'fetch_and_store_data' retrieved from /usr/local/airflow/dags/reverse_etl_dag.py
[2025-04-06T02:43:30.197+0000] {logging_mixin.py:190} INFO - [2025-04-06T02:43:30.196+0000] {dag.py:3239} INFO - Sync 1 DAGs
[2025-04-06T02:43:30.249+0000] {logging_mixin.py:190} INFO - [2025-04-06T02:43:30.249+0000] {dag.py:4180} INFO - Setting next_dagrun for fetch_and_store_data to 2025-04-06 00:00:00+00:00, run_after=2025-04-07 00:00:00+00:00
[2025-04-06T02:43:30.347+0000] {processor.py:208} INFO - Processing /usr/local/airflow/dags/reverse_etl_dag.py took 0.280 seconds
[2025-04-06T02:44:00.530+0000] {processor.py:186} INFO - Started process (PID=197) to work on /usr/local/airflow/dags/reverse_etl_dag.py
[2025-04-06T02:44:00.532+0000] {processor.py:914} INFO - Processing file /usr/local/airflow/dags/reverse_etl_dag.py for tasks to queue
[2025-04-06T02:44:00.535+0000] {logging_mixin.py:190} INFO - [2025-04-06T02:44:00.534+0000] {dagbag.py:588} INFO - Filling up the DagBag from /usr/local/airflow/dags/reverse_etl_dag.py
[2025-04-06T02:44:00.572+0000] {processor.py:925} INFO - DAG(s) 'fetch_and_store_data' retrieved from /usr/local/airflow/dags/reverse_etl_dag.py
[2025-04-06T02:44:00.626+0000] {logging_mixin.py:190} INFO - [2025-04-06T02:44:00.625+0000] {dag.py:3239} INFO - Sync 1 DAGs
[2025-04-06T02:44:00.670+0000] {logging_mixin.py:190} INFO - [2025-04-06T02:44:00.669+0000] {dag.py:4180} INFO - Setting next_dagrun for fetch_and_store_data to 2025-04-06 00:00:00+00:00, run_after=2025-04-07 00:00:00+00:00
[2025-04-06T02:44:00.759+0000] {processor.py:208} INFO - Processing /usr/local/airflow/dags/reverse_etl_dag.py took 0.240 seconds
[2025-04-06T02:44:31.597+0000] {processor.py:186} INFO - Started process (PID=198) to work on /usr/local/airflow/dags/reverse_etl_dag.py
[2025-04-06T02:44:31.599+0000] {processor.py:914} INFO - Processing file /usr/local/airflow/dags/reverse_etl_dag.py for tasks to queue
[2025-04-06T02:44:31.601+0000] {logging_mixin.py:190} INFO - [2025-04-06T02:44:31.601+0000] {dagbag.py:588} INFO - Filling up the DagBag from /usr/local/airflow/dags/reverse_etl_dag.py
[2025-04-06T02:44:31.641+0000] {processor.py:925} INFO - DAG(s) 'fetch_and_store_data' retrieved from /usr/local/airflow/dags/reverse_etl_dag.py
[2025-04-06T02:44:31.764+0000] {logging_mixin.py:190} INFO - [2025-04-06T02:44:31.762+0000] {dag.py:3239} INFO - Sync 1 DAGs
[2025-04-06T02:44:31.869+0000] {logging_mixin.py:190} INFO - [2025-04-06T02:44:31.868+0000] {dag.py:4180} INFO - Setting next_dagrun for fetch_and_store_data to 2025-04-06 00:00:00+00:00, run_after=2025-04-07 00:00:00+00:00
[2025-04-06T02:44:32.024+0000] {processor.py:208} INFO - Processing /usr/local/airflow/dags/reverse_etl_dag.py took 0.437 seconds
[2025-04-06T02:45:02.415+0000] {processor.py:186} INFO - Started process (PID=199) to work on /usr/local/airflow/dags/reverse_etl_dag.py
[2025-04-06T02:45:02.417+0000] {processor.py:914} INFO - Processing file /usr/local/airflow/dags/reverse_etl_dag.py for tasks to queue
[2025-04-06T02:45:02.421+0000] {logging_mixin.py:190} INFO - [2025-04-06T02:45:02.420+0000] {dagbag.py:588} INFO - Filling up the DagBag from /usr/local/airflow/dags/reverse_etl_dag.py
[2025-04-06T02:45:02.464+0000] {processor.py:925} INFO - DAG(s) 'fetch_and_store_data' retrieved from /usr/local/airflow/dags/reverse_etl_dag.py
[2025-04-06T02:45:02.528+0000] {logging_mixin.py:190} INFO - [2025-04-06T02:45:02.528+0000] {dag.py:3239} INFO - Sync 1 DAGs
[2025-04-06T02:45:02.580+0000] {logging_mixin.py:190} INFO - [2025-04-06T02:45:02.579+0000] {dag.py:4180} INFO - Setting next_dagrun for fetch_and_store_data to 2025-04-06 00:00:00+00:00, run_after=2025-04-07 00:00:00+00:00
[2025-04-06T02:45:02.674+0000] {processor.py:208} INFO - Processing /usr/local/airflow/dags/reverse_etl_dag.py took 0.274 seconds
[2025-04-06T02:45:32.939+0000] {processor.py:186} INFO - Started process (PID=200) to work on /usr/local/airflow/dags/reverse_etl_dag.py
[2025-04-06T02:45:32.941+0000] {processor.py:914} INFO - Processing file /usr/local/airflow/dags/reverse_etl_dag.py for tasks to queue
[2025-04-06T02:45:32.943+0000] {logging_mixin.py:190} INFO - [2025-04-06T02:45:32.942+0000] {dagbag.py:588} INFO - Filling up the DagBag from /usr/local/airflow/dags/reverse_etl_dag.py
[2025-04-06T02:45:32.983+0000] {processor.py:925} INFO - DAG(s) 'fetch_and_store_data' retrieved from /usr/local/airflow/dags/reverse_etl_dag.py
[2025-04-06T02:45:33.043+0000] {logging_mixin.py:190} INFO - [2025-04-06T02:45:33.042+0000] {dag.py:3239} INFO - Sync 1 DAGs
[2025-04-06T02:45:33.101+0000] {logging_mixin.py:190} INFO - [2025-04-06T02:45:33.101+0000] {dag.py:4180} INFO - Setting next_dagrun for fetch_and_store_data to 2025-04-06 00:00:00+00:00, run_after=2025-04-07 00:00:00+00:00
[2025-04-06T02:45:33.197+0000] {processor.py:208} INFO - Processing /usr/local/airflow/dags/reverse_etl_dag.py took 0.266 seconds
[2025-04-06T02:46:04.393+0000] {processor.py:186} INFO - Started process (PID=201) to work on /usr/local/airflow/dags/reverse_etl_dag.py
[2025-04-06T02:46:04.395+0000] {processor.py:914} INFO - Processing file /usr/local/airflow/dags/reverse_etl_dag.py for tasks to queue
[2025-04-06T02:46:04.397+0000] {logging_mixin.py:190} INFO - [2025-04-06T02:46:04.396+0000] {dagbag.py:588} INFO - Filling up the DagBag from /usr/local/airflow/dags/reverse_etl_dag.py
[2025-04-06T02:46:04.430+0000] {processor.py:925} INFO - DAG(s) 'fetch_and_store_data' retrieved from /usr/local/airflow/dags/reverse_etl_dag.py
[2025-04-06T02:46:04.490+0000] {logging_mixin.py:190} INFO - [2025-04-06T02:46:04.490+0000] {dag.py:3239} INFO - Sync 1 DAGs
[2025-04-06T02:46:04.529+0000] {logging_mixin.py:190} INFO - [2025-04-06T02:46:04.529+0000] {dag.py:4180} INFO - Setting next_dagrun for fetch_and_store_data to 2025-04-06 00:00:00+00:00, run_after=2025-04-07 00:00:00+00:00
[2025-04-06T02:46:04.824+0000] {processor.py:208} INFO - Processing /usr/local/airflow/dags/reverse_etl_dag.py took 0.441 seconds
[2025-04-06T02:46:36.056+0000] {processor.py:186} INFO - Started process (PID=202) to work on /usr/local/airflow/dags/reverse_etl_dag.py
[2025-04-06T02:46:36.058+0000] {processor.py:914} INFO - Processing file /usr/local/airflow/dags/reverse_etl_dag.py for tasks to queue
[2025-04-06T02:46:36.060+0000] {logging_mixin.py:190} INFO - [2025-04-06T02:46:36.059+0000] {dagbag.py:588} INFO - Filling up the DagBag from /usr/local/airflow/dags/reverse_etl_dag.py
[2025-04-06T02:46:36.099+0000] {processor.py:925} INFO - DAG(s) 'fetch_and_store_data' retrieved from /usr/local/airflow/dags/reverse_etl_dag.py
[2025-04-06T02:46:36.180+0000] {logging_mixin.py:190} INFO - [2025-04-06T02:46:36.179+0000] {dag.py:3239} INFO - Sync 1 DAGs
[2025-04-06T02:46:36.448+0000] {logging_mixin.py:190} INFO - [2025-04-06T02:46:36.448+0000] {dag.py:4180} INFO - Setting next_dagrun for fetch_and_store_data to 2025-04-06 00:00:00+00:00, run_after=2025-04-07 00:00:00+00:00
[2025-04-06T02:46:36.546+0000] {processor.py:208} INFO - Processing /usr/local/airflow/dags/reverse_etl_dag.py took 0.498 seconds
[2025-04-06T02:47:07.609+0000] {processor.py:186} INFO - Started process (PID=203) to work on /usr/local/airflow/dags/reverse_etl_dag.py
[2025-04-06T02:47:07.611+0000] {processor.py:914} INFO - Processing file /usr/local/airflow/dags/reverse_etl_dag.py for tasks to queue
[2025-04-06T02:47:07.613+0000] {logging_mixin.py:190} INFO - [2025-04-06T02:47:07.612+0000] {dagbag.py:588} INFO - Filling up the DagBag from /usr/local/airflow/dags/reverse_etl_dag.py
[2025-04-06T02:47:07.651+0000] {processor.py:925} INFO - DAG(s) 'fetch_and_store_data' retrieved from /usr/local/airflow/dags/reverse_etl_dag.py
[2025-04-06T02:47:07.708+0000] {logging_mixin.py:190} INFO - [2025-04-06T02:47:07.707+0000] {dag.py:3239} INFO - Sync 1 DAGs
[2025-04-06T02:47:07.959+0000] {logging_mixin.py:190} INFO - [2025-04-06T02:47:07.958+0000] {dag.py:4180} INFO - Setting next_dagrun for fetch_and_store_data to 2025-04-06 00:00:00+00:00, run_after=2025-04-07 00:00:00+00:00
[2025-04-06T02:47:08.054+0000] {processor.py:208} INFO - Processing /usr/local/airflow/dags/reverse_etl_dag.py took 0.453 seconds
[2025-04-06T02:47:39.066+0000] {processor.py:186} INFO - Started process (PID=204) to work on /usr/local/airflow/dags/reverse_etl_dag.py
[2025-04-06T02:47:39.068+0000] {processor.py:914} INFO - Processing file /usr/local/airflow/dags/reverse_etl_dag.py for tasks to queue
[2025-04-06T02:47:39.071+0000] {logging_mixin.py:190} INFO - [2025-04-06T02:47:39.070+0000] {dagbag.py:588} INFO - Filling up the DagBag from /usr/local/airflow/dags/reverse_etl_dag.py
[2025-04-06T02:47:39.114+0000] {processor.py:925} INFO - DAG(s) 'fetch_and_store_data' retrieved from /usr/local/airflow/dags/reverse_etl_dag.py
[2025-04-06T02:47:39.327+0000] {logging_mixin.py:190} INFO - [2025-04-06T02:47:39.326+0000] {dag.py:3239} INFO - Sync 1 DAGs
[2025-04-06T02:47:39.370+0000] {logging_mixin.py:190} INFO - [2025-04-06T02:47:39.370+0000] {dag.py:4180} INFO - Setting next_dagrun for fetch_and_store_data to 2025-04-06 00:00:00+00:00, run_after=2025-04-07 00:00:00+00:00
[2025-04-06T02:47:39.470+0000] {processor.py:208} INFO - Processing /usr/local/airflow/dags/reverse_etl_dag.py took 0.412 seconds
[2025-04-06T02:48:10.891+0000] {processor.py:186} INFO - Started process (PID=205) to work on /usr/local/airflow/dags/reverse_etl_dag.py
[2025-04-06T02:48:10.894+0000] {processor.py:914} INFO - Processing file /usr/local/airflow/dags/reverse_etl_dag.py for tasks to queue
[2025-04-06T02:48:10.900+0000] {logging_mixin.py:190} INFO - [2025-04-06T02:48:10.898+0000] {dagbag.py:588} INFO - Filling up the DagBag from /usr/local/airflow/dags/reverse_etl_dag.py
[2025-04-06T02:48:10.999+0000] {processor.py:925} INFO - DAG(s) 'fetch_and_store_data' retrieved from /usr/local/airflow/dags/reverse_etl_dag.py
[2025-04-06T02:48:11.103+0000] {logging_mixin.py:190} INFO - [2025-04-06T02:48:11.103+0000] {dag.py:3239} INFO - Sync 1 DAGs
[2025-04-06T02:48:11.188+0000] {logging_mixin.py:190} INFO - [2025-04-06T02:48:11.188+0000] {dag.py:4180} INFO - Setting next_dagrun for fetch_and_store_data to 2025-04-06 00:00:00+00:00, run_after=2025-04-07 00:00:00+00:00
[2025-04-06T02:48:12.296+0000] {processor.py:208} INFO - Processing /usr/local/airflow/dags/reverse_etl_dag.py took 1.438 seconds
[2025-04-06T02:48:42.916+0000] {processor.py:186} INFO - Started process (PID=206) to work on /usr/local/airflow/dags/reverse_etl_dag.py
[2025-04-06T02:48:42.918+0000] {processor.py:914} INFO - Processing file /usr/local/airflow/dags/reverse_etl_dag.py for tasks to queue
[2025-04-06T02:48:42.920+0000] {logging_mixin.py:190} INFO - [2025-04-06T02:48:42.919+0000] {dagbag.py:588} INFO - Filling up the DagBag from /usr/local/airflow/dags/reverse_etl_dag.py
[2025-04-06T02:48:42.947+0000] {processor.py:925} INFO - DAG(s) 'fetch_and_store_data' retrieved from /usr/local/airflow/dags/reverse_etl_dag.py
[2025-04-06T02:48:42.996+0000] {logging_mixin.py:190} INFO - [2025-04-06T02:48:42.996+0000] {dag.py:3239} INFO - Sync 1 DAGs
[2025-04-06T02:48:43.041+0000] {logging_mixin.py:190} INFO - [2025-04-06T02:48:43.040+0000] {dag.py:4180} INFO - Setting next_dagrun for fetch_and_store_data to 2025-04-06 00:00:00+00:00, run_after=2025-04-07 00:00:00+00:00
[2025-04-06T02:48:43.133+0000] {processor.py:208} INFO - Processing /usr/local/airflow/dags/reverse_etl_dag.py took 0.226 seconds
[2025-04-06T02:49:14.532+0000] {processor.py:186} INFO - Started process (PID=207) to work on /usr/local/airflow/dags/reverse_etl_dag.py
[2025-04-06T02:49:14.534+0000] {processor.py:914} INFO - Processing file /usr/local/airflow/dags/reverse_etl_dag.py for tasks to queue
[2025-04-06T02:49:14.537+0000] {logging_mixin.py:190} INFO - [2025-04-06T02:49:14.536+0000] {dagbag.py:588} INFO - Filling up the DagBag from /usr/local/airflow/dags/reverse_etl_dag.py
[2025-04-06T02:49:14.587+0000] {processor.py:925} INFO - DAG(s) 'fetch_and_store_data' retrieved from /usr/local/airflow/dags/reverse_etl_dag.py
[2025-04-06T02:49:14.663+0000] {logging_mixin.py:190} INFO - [2025-04-06T02:49:14.663+0000] {dag.py:3239} INFO - Sync 1 DAGs
[2025-04-06T02:49:14.727+0000] {logging_mixin.py:190} INFO - [2025-04-06T02:49:14.726+0000] {dag.py:4180} INFO - Setting next_dagrun for fetch_and_store_data to 2025-04-06 00:00:00+00:00, run_after=2025-04-07 00:00:00+00:00
[2025-04-06T02:49:14.811+0000] {processor.py:208} INFO - Processing /usr/local/airflow/dags/reverse_etl_dag.py took 0.299 seconds
[2025-04-06T02:53:50.514+0000] {processor.py:186} INFO - Started process (PID=241) to work on /usr/local/airflow/dags/reverse_etl_dag.py
[2025-04-06T02:53:50.516+0000] {processor.py:914} INFO - Processing file /usr/local/airflow/dags/reverse_etl_dag.py for tasks to queue
[2025-04-06T02:53:50.525+0000] {logging_mixin.py:190} INFO - [2025-04-06T02:53:50.522+0000] {dagbag.py:588} INFO - Filling up the DagBag from /usr/local/airflow/dags/reverse_etl_dag.py
[2025-04-06T02:53:50.591+0000] {processor.py:925} INFO - DAG(s) 'fetch_and_store_data' retrieved from /usr/local/airflow/dags/reverse_etl_dag.py
[2025-04-06T02:53:50.684+0000] {logging_mixin.py:190} INFO - [2025-04-06T02:53:50.684+0000] {dag.py:3239} INFO - Sync 1 DAGs
[2025-04-06T02:53:50.733+0000] {logging_mixin.py:190} INFO - [2025-04-06T02:53:50.732+0000] {dag.py:4180} INFO - Setting next_dagrun for fetch_and_store_data to 2025-04-06 00:00:00+00:00, run_after=2025-04-07 00:00:00+00:00
[2025-04-06T02:53:50.866+0000] {processor.py:208} INFO - Processing /usr/local/airflow/dags/reverse_etl_dag.py took 0.369 seconds
[2025-04-06T02:55:29.553+0000] {processor.py:186} INFO - Started process (PID=254) to work on /usr/local/airflow/dags/reverse_etl_dag.py
[2025-04-06T02:55:29.554+0000] {processor.py:914} INFO - Processing file /usr/local/airflow/dags/reverse_etl_dag.py for tasks to queue
[2025-04-06T02:55:29.556+0000] {logging_mixin.py:190} INFO - [2025-04-06T02:55:29.555+0000] {dagbag.py:588} INFO - Filling up the DagBag from /usr/local/airflow/dags/reverse_etl_dag.py
[2025-04-06T02:55:29.623+0000] {processor.py:925} INFO - DAG(s) 'fetch_and_store_data' retrieved from /usr/local/airflow/dags/reverse_etl_dag.py
[2025-04-06T02:55:29.712+0000] {logging_mixin.py:190} INFO - [2025-04-06T02:55:29.712+0000] {dag.py:3239} INFO - Sync 1 DAGs
[2025-04-06T02:55:29.780+0000] {logging_mixin.py:190} INFO - [2025-04-06T02:55:29.779+0000] {dag.py:4180} INFO - Setting next_dagrun for fetch_and_store_data to 2025-04-06 00:00:00+00:00, run_after=2025-04-07 00:00:00+00:00
[2025-04-06T02:55:29.909+0000] {processor.py:208} INFO - Processing /usr/local/airflow/dags/reverse_etl_dag.py took 0.365 seconds
[2025-04-06T02:56:11.725+0000] {processor.py:186} INFO - Started process (PID=276) to work on /usr/local/airflow/dags/reverse_etl_dag.py
[2025-04-06T02:56:11.729+0000] {processor.py:914} INFO - Processing file /usr/local/airflow/dags/reverse_etl_dag.py for tasks to queue
[2025-04-06T02:56:11.734+0000] {logging_mixin.py:190} INFO - [2025-04-06T02:56:11.733+0000] {dagbag.py:588} INFO - Filling up the DagBag from /usr/local/airflow/dags/reverse_etl_dag.py
[2025-04-06T02:56:11.786+0000] {processor.py:925} INFO - DAG(s) 'fetch_and_store_data' retrieved from /usr/local/airflow/dags/reverse_etl_dag.py
[2025-04-06T02:56:11.870+0000] {logging_mixin.py:190} INFO - [2025-04-06T02:56:11.870+0000] {dag.py:3239} INFO - Sync 1 DAGs
[2025-04-06T02:56:11.926+0000] {logging_mixin.py:190} INFO - [2025-04-06T02:56:11.925+0000] {dag.py:4180} INFO - Setting next_dagrun for fetch_and_store_data to 2025-04-06 00:00:00+00:00, run_after=2025-04-07 00:00:00+00:00
[2025-04-06T02:56:12.062+0000] {processor.py:208} INFO - Processing /usr/local/airflow/dags/reverse_etl_dag.py took 0.350 seconds
[2025-04-06T02:56:42.428+0000] {processor.py:186} INFO - Started process (PID=277) to work on /usr/local/airflow/dags/reverse_etl_dag.py
[2025-04-06T02:56:42.430+0000] {processor.py:914} INFO - Processing file /usr/local/airflow/dags/reverse_etl_dag.py for tasks to queue
[2025-04-06T02:56:42.432+0000] {logging_mixin.py:190} INFO - [2025-04-06T02:56:42.432+0000] {dagbag.py:588} INFO - Filling up the DagBag from /usr/local/airflow/dags/reverse_etl_dag.py
[2025-04-06T02:56:42.485+0000] {processor.py:925} INFO - DAG(s) 'fetch_and_store_data' retrieved from /usr/local/airflow/dags/reverse_etl_dag.py
[2025-04-06T02:56:42.551+0000] {logging_mixin.py:190} INFO - [2025-04-06T02:56:42.551+0000] {dag.py:3239} INFO - Sync 1 DAGs
[2025-04-06T02:56:42.600+0000] {logging_mixin.py:190} INFO - [2025-04-06T02:56:42.600+0000] {dag.py:4180} INFO - Setting next_dagrun for fetch_and_store_data to 2025-04-06 00:00:00+00:00, run_after=2025-04-07 00:00:00+00:00
[2025-04-06T02:56:42.754+0000] {processor.py:208} INFO - Processing /usr/local/airflow/dags/reverse_etl_dag.py took 0.341 seconds
[2025-04-06T02:57:13.570+0000] {processor.py:186} INFO - Started process (PID=278) to work on /usr/local/airflow/dags/reverse_etl_dag.py
[2025-04-06T02:57:13.572+0000] {processor.py:914} INFO - Processing file /usr/local/airflow/dags/reverse_etl_dag.py for tasks to queue
[2025-04-06T02:57:13.575+0000] {logging_mixin.py:190} INFO - [2025-04-06T02:57:13.575+0000] {dagbag.py:588} INFO - Filling up the DagBag from /usr/local/airflow/dags/reverse_etl_dag.py
[2025-04-06T02:57:13.622+0000] {processor.py:925} INFO - DAG(s) 'fetch_and_store_data' retrieved from /usr/local/airflow/dags/reverse_etl_dag.py
[2025-04-06T02:57:13.679+0000] {logging_mixin.py:190} INFO - [2025-04-06T02:57:13.678+0000] {dag.py:3239} INFO - Sync 1 DAGs
[2025-04-06T02:57:13.720+0000] {logging_mixin.py:190} INFO - [2025-04-06T02:57:13.720+0000] {dag.py:4180} INFO - Setting next_dagrun for fetch_and_store_data to 2025-04-06 00:00:00+00:00, run_after=2025-04-07 00:00:00+00:00
[2025-04-06T02:57:13.880+0000] {processor.py:208} INFO - Processing /usr/local/airflow/dags/reverse_etl_dag.py took 0.323 seconds
[2025-04-06T02:57:44.147+0000] {processor.py:186} INFO - Started process (PID=279) to work on /usr/local/airflow/dags/reverse_etl_dag.py
[2025-04-06T02:57:44.149+0000] {processor.py:914} INFO - Processing file /usr/local/airflow/dags/reverse_etl_dag.py for tasks to queue
[2025-04-06T02:57:44.152+0000] {logging_mixin.py:190} INFO - [2025-04-06T02:57:44.151+0000] {dagbag.py:588} INFO - Filling up the DagBag from /usr/local/airflow/dags/reverse_etl_dag.py
[2025-04-06T02:57:44.213+0000] {processor.py:925} INFO - DAG(s) 'fetch_and_store_data' retrieved from /usr/local/airflow/dags/reverse_etl_dag.py
[2025-04-06T02:57:44.288+0000] {logging_mixin.py:190} INFO - [2025-04-06T02:57:44.288+0000] {dag.py:3239} INFO - Sync 1 DAGs
[2025-04-06T02:57:44.355+0000] {logging_mixin.py:190} INFO - [2025-04-06T02:57:44.354+0000] {dag.py:4180} INFO - Setting next_dagrun for fetch_and_store_data to 2025-04-06 00:00:00+00:00, run_after=2025-04-07 00:00:00+00:00
[2025-04-06T02:57:44.482+0000] {processor.py:208} INFO - Processing /usr/local/airflow/dags/reverse_etl_dag.py took 0.353 seconds
[2025-04-06T02:58:14.653+0000] {processor.py:186} INFO - Started process (PID=280) to work on /usr/local/airflow/dags/reverse_etl_dag.py
[2025-04-06T02:58:14.655+0000] {processor.py:914} INFO - Processing file /usr/local/airflow/dags/reverse_etl_dag.py for tasks to queue
[2025-04-06T02:58:14.658+0000] {logging_mixin.py:190} INFO - [2025-04-06T02:58:14.657+0000] {dagbag.py:588} INFO - Filling up the DagBag from /usr/local/airflow/dags/reverse_etl_dag.py
[2025-04-06T02:58:14.728+0000] {processor.py:925} INFO - DAG(s) 'fetch_and_store_data' retrieved from /usr/local/airflow/dags/reverse_etl_dag.py
[2025-04-06T02:58:14.805+0000] {logging_mixin.py:190} INFO - [2025-04-06T02:58:14.804+0000] {dag.py:3239} INFO - Sync 1 DAGs
[2025-04-06T02:58:14.864+0000] {logging_mixin.py:190} INFO - [2025-04-06T02:58:14.864+0000] {dag.py:4180} INFO - Setting next_dagrun for fetch_and_store_data to 2025-04-06 00:00:00+00:00, run_after=2025-04-07 00:00:00+00:00
[2025-04-06T02:58:14.989+0000] {processor.py:208} INFO - Processing /usr/local/airflow/dags/reverse_etl_dag.py took 0.349 seconds
[2025-04-06T02:58:45.688+0000] {processor.py:186} INFO - Started process (PID=281) to work on /usr/local/airflow/dags/reverse_etl_dag.py
[2025-04-06T02:58:45.690+0000] {processor.py:914} INFO - Processing file /usr/local/airflow/dags/reverse_etl_dag.py for tasks to queue
[2025-04-06T02:58:45.694+0000] {logging_mixin.py:190} INFO - [2025-04-06T02:58:45.693+0000] {dagbag.py:588} INFO - Filling up the DagBag from /usr/local/airflow/dags/reverse_etl_dag.py
[2025-04-06T02:58:45.744+0000] {processor.py:925} INFO - DAG(s) 'fetch_and_store_data' retrieved from /usr/local/airflow/dags/reverse_etl_dag.py
[2025-04-06T02:58:45.850+0000] {logging_mixin.py:190} INFO - [2025-04-06T02:58:45.842+0000] {dag.py:3239} INFO - Sync 1 DAGs
[2025-04-06T02:58:45.920+0000] {logging_mixin.py:190} INFO - [2025-04-06T02:58:45.920+0000] {dag.py:4180} INFO - Setting next_dagrun for fetch_and_store_data to 2025-04-06 00:00:00+00:00, run_after=2025-04-07 00:00:00+00:00
[2025-04-06T02:58:46.057+0000] {processor.py:208} INFO - Processing /usr/local/airflow/dags/reverse_etl_dag.py took 0.384 seconds
[2025-04-06T02:59:16.748+0000] {processor.py:186} INFO - Started process (PID=282) to work on /usr/local/airflow/dags/reverse_etl_dag.py
[2025-04-06T02:59:16.750+0000] {processor.py:914} INFO - Processing file /usr/local/airflow/dags/reverse_etl_dag.py for tasks to queue
[2025-04-06T02:59:16.755+0000] {logging_mixin.py:190} INFO - [2025-04-06T02:59:16.753+0000] {dagbag.py:588} INFO - Filling up the DagBag from /usr/local/airflow/dags/reverse_etl_dag.py
[2025-04-06T02:59:16.812+0000] {processor.py:925} INFO - DAG(s) 'fetch_and_store_data' retrieved from /usr/local/airflow/dags/reverse_etl_dag.py
[2025-04-06T02:59:16.901+0000] {logging_mixin.py:190} INFO - [2025-04-06T02:59:16.900+0000] {dag.py:3239} INFO - Sync 1 DAGs
[2025-04-06T02:59:16.971+0000] {logging_mixin.py:190} INFO - [2025-04-06T02:59:16.970+0000] {dag.py:4180} INFO - Setting next_dagrun for fetch_and_store_data to 2025-04-06 00:00:00+00:00, run_after=2025-04-07 00:00:00+00:00
[2025-04-06T02:59:17.108+0000] {processor.py:208} INFO - Processing /usr/local/airflow/dags/reverse_etl_dag.py took 0.376 seconds
[2025-04-06T02:59:47.743+0000] {processor.py:186} INFO - Started process (PID=283) to work on /usr/local/airflow/dags/reverse_etl_dag.py
[2025-04-06T02:59:47.744+0000] {processor.py:914} INFO - Processing file /usr/local/airflow/dags/reverse_etl_dag.py for tasks to queue
[2025-04-06T02:59:47.747+0000] {logging_mixin.py:190} INFO - [2025-04-06T02:59:47.746+0000] {dagbag.py:588} INFO - Filling up the DagBag from /usr/local/airflow/dags/reverse_etl_dag.py
[2025-04-06T02:59:47.798+0000] {processor.py:925} INFO - DAG(s) 'fetch_and_store_data' retrieved from /usr/local/airflow/dags/reverse_etl_dag.py
[2025-04-06T02:59:47.868+0000] {logging_mixin.py:190} INFO - [2025-04-06T02:59:47.867+0000] {dag.py:3239} INFO - Sync 1 DAGs
[2025-04-06T02:59:47.908+0000] {logging_mixin.py:190} INFO - [2025-04-06T02:59:47.907+0000] {dag.py:4180} INFO - Setting next_dagrun for fetch_and_store_data to 2025-04-06 00:00:00+00:00, run_after=2025-04-07 00:00:00+00:00
[2025-04-06T02:59:47.999+0000] {processor.py:208} INFO - Processing /usr/local/airflow/dags/reverse_etl_dag.py took 0.273 seconds
[2025-04-06T03:00:18.630+0000] {processor.py:186} INFO - Started process (PID=284) to work on /usr/local/airflow/dags/reverse_etl_dag.py
[2025-04-06T03:00:18.631+0000] {processor.py:914} INFO - Processing file /usr/local/airflow/dags/reverse_etl_dag.py for tasks to queue
[2025-04-06T03:00:18.635+0000] {logging_mixin.py:190} INFO - [2025-04-06T03:00:18.633+0000] {dagbag.py:588} INFO - Filling up the DagBag from /usr/local/airflow/dags/reverse_etl_dag.py
[2025-04-06T03:00:18.666+0000] {processor.py:925} INFO - DAG(s) 'fetch_and_store_data' retrieved from /usr/local/airflow/dags/reverse_etl_dag.py
[2025-04-06T03:00:18.723+0000] {logging_mixin.py:190} INFO - [2025-04-06T03:00:18.723+0000] {dag.py:3239} INFO - Sync 1 DAGs
[2025-04-06T03:00:18.766+0000] {logging_mixin.py:190} INFO - [2025-04-06T03:00:18.765+0000] {dag.py:4180} INFO - Setting next_dagrun for fetch_and_store_data to 2025-04-06 00:00:00+00:00, run_after=2025-04-07 00:00:00+00:00
[2025-04-06T03:00:18.867+0000] {processor.py:208} INFO - Processing /usr/local/airflow/dags/reverse_etl_dag.py took 0.248 seconds
[2025-04-06T03:00:49.195+0000] {processor.py:186} INFO - Started process (PID=285) to work on /usr/local/airflow/dags/reverse_etl_dag.py
[2025-04-06T03:00:49.197+0000] {processor.py:914} INFO - Processing file /usr/local/airflow/dags/reverse_etl_dag.py for tasks to queue
[2025-04-06T03:00:49.200+0000] {logging_mixin.py:190} INFO - [2025-04-06T03:00:49.200+0000] {dagbag.py:588} INFO - Filling up the DagBag from /usr/local/airflow/dags/reverse_etl_dag.py
[2025-04-06T03:00:49.246+0000] {processor.py:925} INFO - DAG(s) 'fetch_and_store_data' retrieved from /usr/local/airflow/dags/reverse_etl_dag.py
[2025-04-06T03:00:49.296+0000] {logging_mixin.py:190} INFO - [2025-04-06T03:00:49.295+0000] {dag.py:3239} INFO - Sync 1 DAGs
[2025-04-06T03:00:49.335+0000] {logging_mixin.py:190} INFO - [2025-04-06T03:00:49.335+0000] {dag.py:4180} INFO - Setting next_dagrun for fetch_and_store_data to 2025-04-06 00:00:00+00:00, run_after=2025-04-07 00:00:00+00:00
[2025-04-06T03:00:49.459+0000] {processor.py:208} INFO - Processing /usr/local/airflow/dags/reverse_etl_dag.py took 0.278 seconds
[2025-04-06T03:01:19.890+0000] {processor.py:186} INFO - Started process (PID=286) to work on /usr/local/airflow/dags/reverse_etl_dag.py
[2025-04-06T03:01:19.891+0000] {processor.py:914} INFO - Processing file /usr/local/airflow/dags/reverse_etl_dag.py for tasks to queue
[2025-04-06T03:01:19.894+0000] {logging_mixin.py:190} INFO - [2025-04-06T03:01:19.893+0000] {dagbag.py:588} INFO - Filling up the DagBag from /usr/local/airflow/dags/reverse_etl_dag.py
[2025-04-06T03:01:19.940+0000] {processor.py:925} INFO - DAG(s) 'fetch_and_store_data' retrieved from /usr/local/airflow/dags/reverse_etl_dag.py
[2025-04-06T03:01:20.008+0000] {logging_mixin.py:190} INFO - [2025-04-06T03:01:20.007+0000] {dag.py:3239} INFO - Sync 1 DAGs
[2025-04-06T03:01:20.069+0000] {logging_mixin.py:190} INFO - [2025-04-06T03:01:20.069+0000] {dag.py:4180} INFO - Setting next_dagrun for fetch_and_store_data to 2025-04-06 00:00:00+00:00, run_after=2025-04-07 00:00:00+00:00
[2025-04-06T03:01:20.173+0000] {processor.py:208} INFO - Processing /usr/local/airflow/dags/reverse_etl_dag.py took 0.295 seconds
[2025-04-06T03:01:51.272+0000] {processor.py:186} INFO - Started process (PID=287) to work on /usr/local/airflow/dags/reverse_etl_dag.py
[2025-04-06T03:01:51.273+0000] {processor.py:914} INFO - Processing file /usr/local/airflow/dags/reverse_etl_dag.py for tasks to queue
[2025-04-06T03:01:51.276+0000] {logging_mixin.py:190} INFO - [2025-04-06T03:01:51.275+0000] {dagbag.py:588} INFO - Filling up the DagBag from /usr/local/airflow/dags/reverse_etl_dag.py
[2025-04-06T03:01:51.306+0000] {processor.py:925} INFO - DAG(s) 'fetch_and_store_data' retrieved from /usr/local/airflow/dags/reverse_etl_dag.py
[2025-04-06T03:01:51.357+0000] {logging_mixin.py:190} INFO - [2025-04-06T03:01:51.357+0000] {dag.py:3239} INFO - Sync 1 DAGs
[2025-04-06T03:01:51.401+0000] {logging_mixin.py:190} INFO - [2025-04-06T03:01:51.401+0000] {dag.py:4180} INFO - Setting next_dagrun for fetch_and_store_data to 2025-04-06 00:00:00+00:00, run_after=2025-04-07 00:00:00+00:00
[2025-04-06T03:01:51.506+0000] {processor.py:208} INFO - Processing /usr/local/airflow/dags/reverse_etl_dag.py took 0.242 seconds
[2025-04-06T03:02:22.498+0000] {processor.py:186} INFO - Started process (PID=288) to work on /usr/local/airflow/dags/reverse_etl_dag.py
[2025-04-06T03:02:22.500+0000] {processor.py:914} INFO - Processing file /usr/local/airflow/dags/reverse_etl_dag.py for tasks to queue
[2025-04-06T03:02:22.503+0000] {logging_mixin.py:190} INFO - [2025-04-06T03:02:22.502+0000] {dagbag.py:588} INFO - Filling up the DagBag from /usr/local/airflow/dags/reverse_etl_dag.py
[2025-04-06T03:02:22.548+0000] {processor.py:925} INFO - DAG(s) 'fetch_and_store_data' retrieved from /usr/local/airflow/dags/reverse_etl_dag.py
[2025-04-06T03:02:22.625+0000] {logging_mixin.py:190} INFO - [2025-04-06T03:02:22.624+0000] {dag.py:3239} INFO - Sync 1 DAGs
[2025-04-06T03:02:22.699+0000] {logging_mixin.py:190} INFO - [2025-04-06T03:02:22.698+0000] {dag.py:4180} INFO - Setting next_dagrun for fetch_and_store_data to 2025-04-06 00:00:00+00:00, run_after=2025-04-07 00:00:00+00:00
[2025-04-06T03:02:22.813+0000] {processor.py:208} INFO - Processing /usr/local/airflow/dags/reverse_etl_dag.py took 0.331 seconds
[2025-04-06T03:02:53.236+0000] {processor.py:186} INFO - Started process (PID=289) to work on /usr/local/airflow/dags/reverse_etl_dag.py
[2025-04-06T03:02:53.238+0000] {processor.py:914} INFO - Processing file /usr/local/airflow/dags/reverse_etl_dag.py for tasks to queue
[2025-04-06T03:02:53.241+0000] {logging_mixin.py:190} INFO - [2025-04-06T03:02:53.240+0000] {dagbag.py:588} INFO - Filling up the DagBag from /usr/local/airflow/dags/reverse_etl_dag.py
[2025-04-06T03:02:53.293+0000] {processor.py:925} INFO - DAG(s) 'fetch_and_store_data' retrieved from /usr/local/airflow/dags/reverse_etl_dag.py
[2025-04-06T03:02:53.355+0000] {logging_mixin.py:190} INFO - [2025-04-06T03:02:53.354+0000] {dag.py:3239} INFO - Sync 1 DAGs
[2025-04-06T03:02:53.393+0000] {logging_mixin.py:190} INFO - [2025-04-06T03:02:53.393+0000] {dag.py:4180} INFO - Setting next_dagrun for fetch_and_store_data to 2025-04-06 00:00:00+00:00, run_after=2025-04-07 00:00:00+00:00
[2025-04-06T03:02:53.493+0000] {processor.py:208} INFO - Processing /usr/local/airflow/dags/reverse_etl_dag.py took 0.272 seconds
[2025-04-06T03:03:24.086+0000] {processor.py:186} INFO - Started process (PID=290) to work on /usr/local/airflow/dags/reverse_etl_dag.py
[2025-04-06T03:03:24.087+0000] {processor.py:914} INFO - Processing file /usr/local/airflow/dags/reverse_etl_dag.py for tasks to queue
[2025-04-06T03:03:24.093+0000] {logging_mixin.py:190} INFO - [2025-04-06T03:03:24.091+0000] {dagbag.py:588} INFO - Filling up the DagBag from /usr/local/airflow/dags/reverse_etl_dag.py
[2025-04-06T03:03:24.165+0000] {processor.py:925} INFO - DAG(s) 'fetch_and_store_data' retrieved from /usr/local/airflow/dags/reverse_etl_dag.py
[2025-04-06T03:03:24.236+0000] {logging_mixin.py:190} INFO - [2025-04-06T03:03:24.236+0000] {dag.py:3239} INFO - Sync 1 DAGs
[2025-04-06T03:03:24.307+0000] {logging_mixin.py:190} INFO - [2025-04-06T03:03:24.306+0000] {dag.py:4180} INFO - Setting next_dagrun for fetch_and_store_data to 2025-04-06 00:00:00+00:00, run_after=2025-04-07 00:00:00+00:00
[2025-04-06T03:03:24.400+0000] {processor.py:208} INFO - Processing /usr/local/airflow/dags/reverse_etl_dag.py took 0.326 seconds
[2025-04-06T03:03:54.885+0000] {processor.py:186} INFO - Started process (PID=291) to work on /usr/local/airflow/dags/reverse_etl_dag.py
[2025-04-06T03:03:54.888+0000] {processor.py:914} INFO - Processing file /usr/local/airflow/dags/reverse_etl_dag.py for tasks to queue
[2025-04-06T03:03:54.891+0000] {logging_mixin.py:190} INFO - [2025-04-06T03:03:54.890+0000] {dagbag.py:588} INFO - Filling up the DagBag from /usr/local/airflow/dags/reverse_etl_dag.py
[2025-04-06T03:03:54.936+0000] {processor.py:925} INFO - DAG(s) 'fetch_and_store_data' retrieved from /usr/local/airflow/dags/reverse_etl_dag.py
[2025-04-06T03:03:55.002+0000] {logging_mixin.py:190} INFO - [2025-04-06T03:03:55.001+0000] {dag.py:3239} INFO - Sync 1 DAGs
[2025-04-06T03:03:55.048+0000] {logging_mixin.py:190} INFO - [2025-04-06T03:03:55.048+0000] {dag.py:4180} INFO - Setting next_dagrun for fetch_and_store_data to 2025-04-06 00:00:00+00:00, run_after=2025-04-07 00:00:00+00:00
[2025-04-06T03:03:55.154+0000] {processor.py:208} INFO - Processing /usr/local/airflow/dags/reverse_etl_dag.py took 0.284 seconds
[2025-04-06T03:04:25.829+0000] {processor.py:186} INFO - Started process (PID=292) to work on /usr/local/airflow/dags/reverse_etl_dag.py
[2025-04-06T03:04:25.836+0000] {processor.py:914} INFO - Processing file /usr/local/airflow/dags/reverse_etl_dag.py for tasks to queue
[2025-04-06T03:04:25.840+0000] {logging_mixin.py:190} INFO - [2025-04-06T03:04:25.838+0000] {dagbag.py:588} INFO - Filling up the DagBag from /usr/local/airflow/dags/reverse_etl_dag.py
[2025-04-06T03:04:25.911+0000] {processor.py:925} INFO - DAG(s) 'fetch_and_store_data' retrieved from /usr/local/airflow/dags/reverse_etl_dag.py
[2025-04-06T03:04:26.041+0000] {logging_mixin.py:190} INFO - [2025-04-06T03:04:26.040+0000] {dag.py:3239} INFO - Sync 1 DAGs
[2025-04-06T03:04:26.159+0000] {logging_mixin.py:190} INFO - [2025-04-06T03:04:26.158+0000] {dag.py:4180} INFO - Setting next_dagrun for fetch_and_store_data to 2025-04-06 00:00:00+00:00, run_after=2025-04-07 00:00:00+00:00
[2025-04-06T03:04:26.353+0000] {processor.py:208} INFO - Processing /usr/local/airflow/dags/reverse_etl_dag.py took 0.544 seconds
[2025-04-06T03:04:57.213+0000] {processor.py:186} INFO - Started process (PID=293) to work on /usr/local/airflow/dags/reverse_etl_dag.py
[2025-04-06T03:04:57.215+0000] {processor.py:914} INFO - Processing file /usr/local/airflow/dags/reverse_etl_dag.py for tasks to queue
[2025-04-06T03:04:57.221+0000] {logging_mixin.py:190} INFO - [2025-04-06T03:04:57.220+0000] {dagbag.py:588} INFO - Filling up the DagBag from /usr/local/airflow/dags/reverse_etl_dag.py
[2025-04-06T03:04:57.275+0000] {processor.py:925} INFO - DAG(s) 'fetch_and_store_data' retrieved from /usr/local/airflow/dags/reverse_etl_dag.py
[2025-04-06T03:04:57.369+0000] {logging_mixin.py:190} INFO - [2025-04-06T03:04:57.369+0000] {dag.py:3239} INFO - Sync 1 DAGs
[2025-04-06T03:04:57.459+0000] {logging_mixin.py:190} INFO - [2025-04-06T03:04:57.459+0000] {dag.py:4180} INFO - Setting next_dagrun for fetch_and_store_data to 2025-04-06 00:00:00+00:00, run_after=2025-04-07 00:00:00+00:00
[2025-04-06T03:04:57.584+0000] {processor.py:208} INFO - Processing /usr/local/airflow/dags/reverse_etl_dag.py took 0.389 seconds
[2025-04-06T03:05:31.981+0000] {processor.py:186} INFO - Started process (PID=294) to work on /usr/local/airflow/dags/reverse_etl_dag.py
[2025-04-06T03:05:31.984+0000] {processor.py:914} INFO - Processing file /usr/local/airflow/dags/reverse_etl_dag.py for tasks to queue
[2025-04-06T03:05:31.992+0000] {logging_mixin.py:190} INFO - [2025-04-06T03:05:31.990+0000] {dagbag.py:588} INFO - Filling up the DagBag from /usr/local/airflow/dags/reverse_etl_dag.py
[2025-04-06T03:05:32.060+0000] {processor.py:925} INFO - DAG(s) 'fetch_and_store_data' retrieved from /usr/local/airflow/dags/reverse_etl_dag.py
[2025-04-06T03:05:32.184+0000] {logging_mixin.py:190} INFO - [2025-04-06T03:05:32.184+0000] {dag.py:3239} INFO - Sync 1 DAGs
[2025-04-06T03:05:32.336+0000] {logging_mixin.py:190} INFO - [2025-04-06T03:05:32.335+0000] {dag.py:4180} INFO - Setting next_dagrun for fetch_and_store_data to 2025-04-06 00:00:00+00:00, run_after=2025-04-07 00:00:00+00:00
[2025-04-06T03:05:32.540+0000] {processor.py:208} INFO - Processing /usr/local/airflow/dags/reverse_etl_dag.py took 0.579 seconds
[2025-04-06T03:06:02.702+0000] {processor.py:186} INFO - Started process (PID=295) to work on /usr/local/airflow/dags/reverse_etl_dag.py
[2025-04-06T03:06:02.704+0000] {processor.py:914} INFO - Processing file /usr/local/airflow/dags/reverse_etl_dag.py for tasks to queue
[2025-04-06T03:06:02.707+0000] {logging_mixin.py:190} INFO - [2025-04-06T03:06:02.706+0000] {dagbag.py:588} INFO - Filling up the DagBag from /usr/local/airflow/dags/reverse_etl_dag.py
[2025-04-06T03:06:02.758+0000] {processor.py:925} INFO - DAG(s) 'fetch_and_store_data' retrieved from /usr/local/airflow/dags/reverse_etl_dag.py
[2025-04-06T03:06:03.059+0000] {logging_mixin.py:190} INFO - [2025-04-06T03:06:03.058+0000] {dag.py:3239} INFO - Sync 1 DAGs
[2025-04-06T03:06:03.158+0000] {logging_mixin.py:190} INFO - [2025-04-06T03:06:03.157+0000] {dag.py:4180} INFO - Setting next_dagrun for fetch_and_store_data to 2025-04-06 00:00:00+00:00, run_after=2025-04-07 00:00:00+00:00
[2025-04-06T03:06:03.261+0000] {processor.py:208} INFO - Processing /usr/local/airflow/dags/reverse_etl_dag.py took 0.570 seconds
[2025-04-06T03:06:34.214+0000] {processor.py:186} INFO - Started process (PID=296) to work on /usr/local/airflow/dags/reverse_etl_dag.py
[2025-04-06T03:06:34.216+0000] {processor.py:914} INFO - Processing file /usr/local/airflow/dags/reverse_etl_dag.py for tasks to queue
[2025-04-06T03:06:34.218+0000] {logging_mixin.py:190} INFO - [2025-04-06T03:06:34.218+0000] {dagbag.py:588} INFO - Filling up the DagBag from /usr/local/airflow/dags/reverse_etl_dag.py
[2025-04-06T03:06:34.256+0000] {processor.py:925} INFO - DAG(s) 'fetch_and_store_data' retrieved from /usr/local/airflow/dags/reverse_etl_dag.py
[2025-04-06T03:06:34.314+0000] {logging_mixin.py:190} INFO - [2025-04-06T03:06:34.313+0000] {dag.py:3239} INFO - Sync 1 DAGs
[2025-04-06T03:06:34.357+0000] {logging_mixin.py:190} INFO - [2025-04-06T03:06:34.356+0000] {dag.py:4180} INFO - Setting next_dagrun for fetch_and_store_data to 2025-04-06 00:00:00+00:00, run_after=2025-04-07 00:00:00+00:00
[2025-04-06T03:06:34.465+0000] {processor.py:208} INFO - Processing /usr/local/airflow/dags/reverse_etl_dag.py took 0.264 seconds
[2025-04-06T03:07:05.087+0000] {processor.py:186} INFO - Started process (PID=297) to work on /usr/local/airflow/dags/reverse_etl_dag.py
[2025-04-06T03:07:05.094+0000] {processor.py:914} INFO - Processing file /usr/local/airflow/dags/reverse_etl_dag.py for tasks to queue
[2025-04-06T03:07:05.100+0000] {logging_mixin.py:190} INFO - [2025-04-06T03:07:05.099+0000] {dagbag.py:588} INFO - Filling up the DagBag from /usr/local/airflow/dags/reverse_etl_dag.py
[2025-04-06T03:07:05.159+0000] {processor.py:925} INFO - DAG(s) 'fetch_and_store_data' retrieved from /usr/local/airflow/dags/reverse_etl_dag.py
[2025-04-06T03:07:05.240+0000] {logging_mixin.py:190} INFO - [2025-04-06T03:07:05.240+0000] {dag.py:3239} INFO - Sync 1 DAGs
[2025-04-06T03:07:05.303+0000] {logging_mixin.py:190} INFO - [2025-04-06T03:07:05.302+0000] {dag.py:4180} INFO - Setting next_dagrun for fetch_and_store_data to 2025-04-06 00:00:00+00:00, run_after=2025-04-07 00:00:00+00:00
[2025-04-06T03:07:05.423+0000] {processor.py:208} INFO - Processing /usr/local/airflow/dags/reverse_etl_dag.py took 0.364 seconds
[2025-04-06T03:07:35.665+0000] {processor.py:186} INFO - Started process (PID=298) to work on /usr/local/airflow/dags/reverse_etl_dag.py
[2025-04-06T03:07:35.673+0000] {processor.py:914} INFO - Processing file /usr/local/airflow/dags/reverse_etl_dag.py for tasks to queue
[2025-04-06T03:07:35.684+0000] {logging_mixin.py:190} INFO - [2025-04-06T03:07:35.682+0000] {dagbag.py:588} INFO - Filling up the DagBag from /usr/local/airflow/dags/reverse_etl_dag.py
[2025-04-06T03:07:35.783+0000] {processor.py:925} INFO - DAG(s) 'fetch_and_store_data' retrieved from /usr/local/airflow/dags/reverse_etl_dag.py
[2025-04-06T03:07:36.045+0000] {logging_mixin.py:190} INFO - [2025-04-06T03:07:36.043+0000] {dag.py:3239} INFO - Sync 1 DAGs
[2025-04-06T03:07:36.295+0000] {logging_mixin.py:190} INFO - [2025-04-06T03:07:36.294+0000] {dag.py:4180} INFO - Setting next_dagrun for fetch_and_store_data to 2025-04-06 00:00:00+00:00, run_after=2025-04-07 00:00:00+00:00
[2025-04-06T03:07:36.701+0000] {processor.py:208} INFO - Processing /usr/local/airflow/dags/reverse_etl_dag.py took 1.058 seconds
[2025-04-06T03:08:43.947+0000] {processor.py:186} INFO - Started process (PID=299) to work on /usr/local/airflow/dags/reverse_etl_dag.py
[2025-04-06T03:08:46.350+0000] {processor.py:914} INFO - Processing file /usr/local/airflow/dags/reverse_etl_dag.py for tasks to queue
[2025-04-06T03:08:46.400+0000] {logging_mixin.py:190} INFO - [2025-04-06T03:08:46.399+0000] {dagbag.py:588} INFO - Filling up the DagBag from /usr/local/airflow/dags/reverse_etl_dag.py
[2025-04-06T03:08:55.756+0000] {processor.py:925} INFO - DAG(s) 'fetch_and_store_data' retrieved from /usr/local/airflow/dags/reverse_etl_dag.py
[2025-04-06T03:08:56.211+0000] {logging_mixin.py:190} INFO - [2025-04-06T03:08:56.210+0000] {dag.py:3239} INFO - Sync 1 DAGs
[2025-04-06T03:08:56.509+0000] {logging_mixin.py:190} INFO - [2025-04-06T03:08:56.508+0000] {dag.py:4180} INFO - Setting next_dagrun for fetch_and_store_data to 2025-04-06 00:00:00+00:00, run_after=2025-04-07 00:00:00+00:00
[2025-04-06T03:08:58.617+0000] {processor.py:208} INFO - Processing /usr/local/airflow/dags/reverse_etl_dag.py took 14.980 seconds
[2025-04-06T03:09:34.257+0000] {processor.py:186} INFO - Started process (PID=300) to work on /usr/local/airflow/dags/reverse_etl_dag.py
[2025-04-06T03:09:34.262+0000] {processor.py:914} INFO - Processing file /usr/local/airflow/dags/reverse_etl_dag.py for tasks to queue
[2025-04-06T03:09:34.267+0000] {logging_mixin.py:190} INFO - [2025-04-06T03:09:34.266+0000] {dagbag.py:588} INFO - Filling up the DagBag from /usr/local/airflow/dags/reverse_etl_dag.py
[2025-04-06T03:09:34.360+0000] {processor.py:925} INFO - DAG(s) 'fetch_and_store_data' retrieved from /usr/local/airflow/dags/reverse_etl_dag.py
[2025-04-06T03:09:34.483+0000] {logging_mixin.py:190} INFO - [2025-04-06T03:09:34.482+0000] {dag.py:3239} INFO - Sync 1 DAGs
[2025-04-06T03:09:34.571+0000] {logging_mixin.py:190} INFO - [2025-04-06T03:09:34.571+0000] {dag.py:4180} INFO - Setting next_dagrun for fetch_and_store_data to 2025-04-06 00:00:00+00:00, run_after=2025-04-07 00:00:00+00:00
[2025-04-06T03:09:34.717+0000] {processor.py:208} INFO - Processing /usr/local/airflow/dags/reverse_etl_dag.py took 0.486 seconds
[2025-04-06T03:10:05.024+0000] {processor.py:186} INFO - Started process (PID=301) to work on /usr/local/airflow/dags/reverse_etl_dag.py
[2025-04-06T03:10:05.027+0000] {processor.py:914} INFO - Processing file /usr/local/airflow/dags/reverse_etl_dag.py for tasks to queue
[2025-04-06T03:10:05.032+0000] {logging_mixin.py:190} INFO - [2025-04-06T03:10:05.031+0000] {dagbag.py:588} INFO - Filling up the DagBag from /usr/local/airflow/dags/reverse_etl_dag.py
[2025-04-06T03:10:05.181+0000] {processor.py:925} INFO - DAG(s) 'fetch_and_store_data' retrieved from /usr/local/airflow/dags/reverse_etl_dag.py
[2025-04-06T03:10:07.211+0000] {logging_mixin.py:190} INFO - [2025-04-06T03:10:07.209+0000] {dag.py:3239} INFO - Sync 1 DAGs
[2025-04-06T03:10:09.411+0000] {logging_mixin.py:190} INFO - [2025-04-06T03:10:09.410+0000] {dag.py:4180} INFO - Setting next_dagrun for fetch_and_store_data to 2025-04-06 00:00:00+00:00, run_after=2025-04-07 00:00:00+00:00
[2025-04-06T03:10:09.605+0000] {processor.py:208} INFO - Processing /usr/local/airflow/dags/reverse_etl_dag.py took 4.613 seconds
[2025-04-06T03:10:41.126+0000] {processor.py:186} INFO - Started process (PID=302) to work on /usr/local/airflow/dags/reverse_etl_dag.py
[2025-04-06T03:10:41.129+0000] {processor.py:914} INFO - Processing file /usr/local/airflow/dags/reverse_etl_dag.py for tasks to queue
[2025-04-06T03:10:41.141+0000] {logging_mixin.py:190} INFO - [2025-04-06T03:10:41.140+0000] {dagbag.py:588} INFO - Filling up the DagBag from /usr/local/airflow/dags/reverse_etl_dag.py
[2025-04-06T03:10:41.247+0000] {processor.py:925} INFO - DAG(s) 'fetch_and_store_data' retrieved from /usr/local/airflow/dags/reverse_etl_dag.py
[2025-04-06T03:10:41.389+0000] {logging_mixin.py:190} INFO - [2025-04-06T03:10:41.388+0000] {dag.py:3239} INFO - Sync 1 DAGs
[2025-04-06T03:10:41.538+0000] {logging_mixin.py:190} INFO - [2025-04-06T03:10:41.537+0000] {dag.py:4180} INFO - Setting next_dagrun for fetch_and_store_data to 2025-04-06 00:00:00+00:00, run_after=2025-04-07 00:00:00+00:00
[2025-04-06T03:10:42.900+0000] {processor.py:208} INFO - Processing /usr/local/airflow/dags/reverse_etl_dag.py took 1.803 seconds
[2025-04-06T03:11:13.932+0000] {processor.py:186} INFO - Started process (PID=303) to work on /usr/local/airflow/dags/reverse_etl_dag.py
[2025-04-06T03:11:13.934+0000] {processor.py:914} INFO - Processing file /usr/local/airflow/dags/reverse_etl_dag.py for tasks to queue
[2025-04-06T03:11:13.937+0000] {logging_mixin.py:190} INFO - [2025-04-06T03:11:13.936+0000] {dagbag.py:588} INFO - Filling up the DagBag from /usr/local/airflow/dags/reverse_etl_dag.py
[2025-04-06T03:11:13.998+0000] {processor.py:925} INFO - DAG(s) 'fetch_and_store_data' retrieved from /usr/local/airflow/dags/reverse_etl_dag.py
[2025-04-06T03:11:14.061+0000] {logging_mixin.py:190} INFO - [2025-04-06T03:11:14.060+0000] {dag.py:3239} INFO - Sync 1 DAGs
[2025-04-06T03:11:14.116+0000] {logging_mixin.py:190} INFO - [2025-04-06T03:11:14.116+0000] {dag.py:4180} INFO - Setting next_dagrun for fetch_and_store_data to 2025-04-06 00:00:00+00:00, run_after=2025-04-07 00:00:00+00:00
[2025-04-06T03:11:14.221+0000] {processor.py:208} INFO - Processing /usr/local/airflow/dags/reverse_etl_dag.py took 0.298 seconds
[2025-04-06T03:11:44.387+0000] {processor.py:186} INFO - Started process (PID=304) to work on /usr/local/airflow/dags/reverse_etl_dag.py
[2025-04-06T03:11:44.391+0000] {processor.py:914} INFO - Processing file /usr/local/airflow/dags/reverse_etl_dag.py for tasks to queue
[2025-04-06T03:11:44.393+0000] {logging_mixin.py:190} INFO - [2025-04-06T03:11:44.393+0000] {dagbag.py:588} INFO - Filling up the DagBag from /usr/local/airflow/dags/reverse_etl_dag.py
[2025-04-06T03:11:44.431+0000] {processor.py:925} INFO - DAG(s) 'fetch_and_store_data' retrieved from /usr/local/airflow/dags/reverse_etl_dag.py
[2025-04-06T03:11:44.481+0000] {logging_mixin.py:190} INFO - [2025-04-06T03:11:44.481+0000] {dag.py:3239} INFO - Sync 1 DAGs
[2025-04-06T03:11:44.523+0000] {logging_mixin.py:190} INFO - [2025-04-06T03:11:44.522+0000] {dag.py:4180} INFO - Setting next_dagrun for fetch_and_store_data to 2025-04-06 00:00:00+00:00, run_after=2025-04-07 00:00:00+00:00
[2025-04-06T03:11:44.612+0000] {processor.py:208} INFO - Processing /usr/local/airflow/dags/reverse_etl_dag.py took 0.233 seconds
[2025-04-06T03:12:15.101+0000] {processor.py:186} INFO - Started process (PID=305) to work on /usr/local/airflow/dags/reverse_etl_dag.py
[2025-04-06T03:12:15.103+0000] {processor.py:914} INFO - Processing file /usr/local/airflow/dags/reverse_etl_dag.py for tasks to queue
[2025-04-06T03:12:15.105+0000] {logging_mixin.py:190} INFO - [2025-04-06T03:12:15.104+0000] {dagbag.py:588} INFO - Filling up the DagBag from /usr/local/airflow/dags/reverse_etl_dag.py
[2025-04-06T03:12:15.152+0000] {processor.py:925} INFO - DAG(s) 'fetch_and_store_data' retrieved from /usr/local/airflow/dags/reverse_etl_dag.py
[2025-04-06T03:12:15.217+0000] {logging_mixin.py:190} INFO - [2025-04-06T03:12:15.216+0000] {dag.py:3239} INFO - Sync 1 DAGs
[2025-04-06T03:12:15.264+0000] {logging_mixin.py:190} INFO - [2025-04-06T03:12:15.264+0000] {dag.py:4180} INFO - Setting next_dagrun for fetch_and_store_data to 2025-04-06 00:00:00+00:00, run_after=2025-04-07 00:00:00+00:00
[2025-04-06T03:12:15.365+0000] {processor.py:208} INFO - Processing /usr/local/airflow/dags/reverse_etl_dag.py took 0.275 seconds
[2025-04-06T03:12:46.437+0000] {processor.py:186} INFO - Started process (PID=306) to work on /usr/local/airflow/dags/reverse_etl_dag.py
[2025-04-06T03:12:46.439+0000] {processor.py:914} INFO - Processing file /usr/local/airflow/dags/reverse_etl_dag.py for tasks to queue
[2025-04-06T03:12:46.442+0000] {logging_mixin.py:190} INFO - [2025-04-06T03:12:46.441+0000] {dagbag.py:588} INFO - Filling up the DagBag from /usr/local/airflow/dags/reverse_etl_dag.py
[2025-04-06T03:12:47.064+0000] {processor.py:925} INFO - DAG(s) 'fetch_and_store_data' retrieved from /usr/local/airflow/dags/reverse_etl_dag.py
[2025-04-06T03:12:47.564+0000] {logging_mixin.py:190} INFO - [2025-04-06T03:12:47.563+0000] {dag.py:3239} INFO - Sync 1 DAGs
[2025-04-06T03:12:47.770+0000] {logging_mixin.py:190} INFO - [2025-04-06T03:12:47.770+0000] {dag.py:4180} INFO - Setting next_dagrun for fetch_and_store_data to 2025-04-06 00:00:00+00:00, run_after=2025-04-07 00:00:00+00:00
[2025-04-06T03:12:47.994+0000] {processor.py:208} INFO - Processing /usr/local/airflow/dags/reverse_etl_dag.py took 1.567 seconds
[2025-04-06T03:13:18.154+0000] {processor.py:186} INFO - Started process (PID=307) to work on /usr/local/airflow/dags/reverse_etl_dag.py
[2025-04-06T03:13:18.157+0000] {processor.py:914} INFO - Processing file /usr/local/airflow/dags/reverse_etl_dag.py for tasks to queue
[2025-04-06T03:13:18.161+0000] {logging_mixin.py:190} INFO - [2025-04-06T03:13:18.160+0000] {dagbag.py:588} INFO - Filling up the DagBag from /usr/local/airflow/dags/reverse_etl_dag.py
[2025-04-06T03:13:18.202+0000] {processor.py:925} INFO - DAG(s) 'fetch_and_store_data' retrieved from /usr/local/airflow/dags/reverse_etl_dag.py
[2025-04-06T03:13:18.273+0000] {logging_mixin.py:190} INFO - [2025-04-06T03:13:18.273+0000] {dag.py:3239} INFO - Sync 1 DAGs
[2025-04-06T03:13:18.329+0000] {logging_mixin.py:190} INFO - [2025-04-06T03:13:18.329+0000] {dag.py:4180} INFO - Setting next_dagrun for fetch_and_store_data to 2025-04-06 00:00:00+00:00, run_after=2025-04-07 00:00:00+00:00
[2025-04-06T03:13:18.396+0000] {processor.py:208} INFO - Processing /usr/local/airflow/dags/reverse_etl_dag.py took 0.257 seconds
[2025-04-06T03:13:49.580+0000] {processor.py:186} INFO - Started process (PID=308) to work on /usr/local/airflow/dags/reverse_etl_dag.py
[2025-04-06T03:13:49.583+0000] {processor.py:914} INFO - Processing file /usr/local/airflow/dags/reverse_etl_dag.py for tasks to queue
[2025-04-06T03:13:49.586+0000] {logging_mixin.py:190} INFO - [2025-04-06T03:13:49.585+0000] {dagbag.py:588} INFO - Filling up the DagBag from /usr/local/airflow/dags/reverse_etl_dag.py
[2025-04-06T03:13:49.632+0000] {processor.py:925} INFO - DAG(s) 'fetch_and_store_data' retrieved from /usr/local/airflow/dags/reverse_etl_dag.py
[2025-04-06T03:13:49.707+0000] {logging_mixin.py:190} INFO - [2025-04-06T03:13:49.706+0000] {dag.py:3239} INFO - Sync 1 DAGs
[2025-04-06T03:13:49.767+0000] {logging_mixin.py:190} INFO - [2025-04-06T03:13:49.767+0000] {dag.py:4180} INFO - Setting next_dagrun for fetch_and_store_data to 2025-04-06 00:00:00+00:00, run_after=2025-04-07 00:00:00+00:00
[2025-04-06T03:13:49.876+0000] {processor.py:208} INFO - Processing /usr/local/airflow/dags/reverse_etl_dag.py took 0.310 seconds
[2025-04-06T03:14:20.339+0000] {processor.py:186} INFO - Started process (PID=309) to work on /usr/local/airflow/dags/reverse_etl_dag.py
[2025-04-06T03:14:20.341+0000] {processor.py:914} INFO - Processing file /usr/local/airflow/dags/reverse_etl_dag.py for tasks to queue
[2025-04-06T03:14:20.345+0000] {logging_mixin.py:190} INFO - [2025-04-06T03:14:20.344+0000] {dagbag.py:588} INFO - Filling up the DagBag from /usr/local/airflow/dags/reverse_etl_dag.py
[2025-04-06T03:14:20.395+0000] {processor.py:925} INFO - DAG(s) 'fetch_and_store_data' retrieved from /usr/local/airflow/dags/reverse_etl_dag.py
[2025-04-06T03:14:20.479+0000] {logging_mixin.py:190} INFO - [2025-04-06T03:14:20.478+0000] {dag.py:3239} INFO - Sync 1 DAGs
[2025-04-06T03:14:20.542+0000] {logging_mixin.py:190} INFO - [2025-04-06T03:14:20.542+0000] {dag.py:4180} INFO - Setting next_dagrun for fetch_and_store_data to 2025-04-06 00:00:00+00:00, run_after=2025-04-07 00:00:00+00:00
[2025-04-06T03:14:20.657+0000] {processor.py:208} INFO - Processing /usr/local/airflow/dags/reverse_etl_dag.py took 0.336 seconds
[2025-04-06T03:14:51.110+0000] {processor.py:186} INFO - Started process (PID=310) to work on /usr/local/airflow/dags/reverse_etl_dag.py
[2025-04-06T03:14:51.112+0000] {processor.py:914} INFO - Processing file /usr/local/airflow/dags/reverse_etl_dag.py for tasks to queue
[2025-04-06T03:14:51.116+0000] {logging_mixin.py:190} INFO - [2025-04-06T03:14:51.115+0000] {dagbag.py:588} INFO - Filling up the DagBag from /usr/local/airflow/dags/reverse_etl_dag.py
[2025-04-06T03:14:51.158+0000] {processor.py:925} INFO - DAG(s) 'fetch_and_store_data' retrieved from /usr/local/airflow/dags/reverse_etl_dag.py
[2025-04-06T03:14:51.230+0000] {logging_mixin.py:190} INFO - [2025-04-06T03:14:51.229+0000] {dag.py:3239} INFO - Sync 1 DAGs
[2025-04-06T03:14:51.281+0000] {logging_mixin.py:190} INFO - [2025-04-06T03:14:51.280+0000] {dag.py:4180} INFO - Setting next_dagrun for fetch_and_store_data to 2025-04-06 00:00:00+00:00, run_after=2025-04-07 00:00:00+00:00
[2025-04-06T03:14:51.367+0000] {processor.py:208} INFO - Processing /usr/local/airflow/dags/reverse_etl_dag.py took 0.267 seconds
[2025-04-06T03:15:22.188+0000] {processor.py:186} INFO - Started process (PID=311) to work on /usr/local/airflow/dags/reverse_etl_dag.py
[2025-04-06T03:15:22.193+0000] {processor.py:914} INFO - Processing file /usr/local/airflow/dags/reverse_etl_dag.py for tasks to queue
[2025-04-06T03:15:22.196+0000] {logging_mixin.py:190} INFO - [2025-04-06T03:15:22.195+0000] {dagbag.py:588} INFO - Filling up the DagBag from /usr/local/airflow/dags/reverse_etl_dag.py
[2025-04-06T03:15:22.242+0000] {processor.py:925} INFO - DAG(s) 'fetch_and_store_data' retrieved from /usr/local/airflow/dags/reverse_etl_dag.py
[2025-04-06T03:15:22.323+0000] {logging_mixin.py:190} INFO - [2025-04-06T03:15:22.322+0000] {dag.py:3239} INFO - Sync 1 DAGs
[2025-04-06T03:15:22.384+0000] {logging_mixin.py:190} INFO - [2025-04-06T03:15:22.383+0000] {dag.py:4180} INFO - Setting next_dagrun for fetch_and_store_data to 2025-04-06 00:00:00+00:00, run_after=2025-04-07 00:00:00+00:00
[2025-04-06T03:15:22.487+0000] {processor.py:208} INFO - Processing /usr/local/airflow/dags/reverse_etl_dag.py took 0.312 seconds
[2025-04-06T03:15:52.643+0000] {processor.py:186} INFO - Started process (PID=312) to work on /usr/local/airflow/dags/reverse_etl_dag.py
[2025-04-06T03:15:52.645+0000] {processor.py:914} INFO - Processing file /usr/local/airflow/dags/reverse_etl_dag.py for tasks to queue
[2025-04-06T03:15:52.647+0000] {logging_mixin.py:190} INFO - [2025-04-06T03:15:52.647+0000] {dagbag.py:588} INFO - Filling up the DagBag from /usr/local/airflow/dags/reverse_etl_dag.py
[2025-04-06T03:15:52.698+0000] {processor.py:925} INFO - DAG(s) 'fetch_and_store_data' retrieved from /usr/local/airflow/dags/reverse_etl_dag.py
[2025-04-06T03:15:52.774+0000] {logging_mixin.py:190} INFO - [2025-04-06T03:15:52.774+0000] {dag.py:3239} INFO - Sync 1 DAGs
[2025-04-06T03:15:52.835+0000] {logging_mixin.py:190} INFO - [2025-04-06T03:15:52.835+0000] {dag.py:4180} INFO - Setting next_dagrun for fetch_and_store_data to 2025-04-06 00:00:00+00:00, run_after=2025-04-07 00:00:00+00:00
[2025-04-06T03:15:52.933+0000] {processor.py:208} INFO - Processing /usr/local/airflow/dags/reverse_etl_dag.py took 0.299 seconds
[2025-04-06T03:16:23.586+0000] {processor.py:186} INFO - Started process (PID=313) to work on /usr/local/airflow/dags/reverse_etl_dag.py
[2025-04-06T03:16:23.588+0000] {processor.py:914} INFO - Processing file /usr/local/airflow/dags/reverse_etl_dag.py for tasks to queue
[2025-04-06T03:16:23.592+0000] {logging_mixin.py:190} INFO - [2025-04-06T03:16:23.591+0000] {dagbag.py:588} INFO - Filling up the DagBag from /usr/local/airflow/dags/reverse_etl_dag.py
[2025-04-06T03:16:23.639+0000] {processor.py:925} INFO - DAG(s) 'fetch_and_store_data' retrieved from /usr/local/airflow/dags/reverse_etl_dag.py
[2025-04-06T03:16:23.701+0000] {logging_mixin.py:190} INFO - [2025-04-06T03:16:23.700+0000] {dag.py:3239} INFO - Sync 1 DAGs
[2025-04-06T03:16:23.779+0000] {logging_mixin.py:190} INFO - [2025-04-06T03:16:23.779+0000] {dag.py:4180} INFO - Setting next_dagrun for fetch_and_store_data to 2025-04-06 00:00:00+00:00, run_after=2025-04-07 00:00:00+00:00
[2025-04-06T03:16:23.867+0000] {processor.py:208} INFO - Processing /usr/local/airflow/dags/reverse_etl_dag.py took 0.291 seconds
[2025-04-06T03:16:54.085+0000] {processor.py:186} INFO - Started process (PID=314) to work on /usr/local/airflow/dags/reverse_etl_dag.py
[2025-04-06T03:16:54.087+0000] {processor.py:914} INFO - Processing file /usr/local/airflow/dags/reverse_etl_dag.py for tasks to queue
[2025-04-06T03:16:54.088+0000] {logging_mixin.py:190} INFO - [2025-04-06T03:16:54.088+0000] {dagbag.py:588} INFO - Filling up the DagBag from /usr/local/airflow/dags/reverse_etl_dag.py
[2025-04-06T03:16:54.115+0000] {processor.py:925} INFO - DAG(s) 'fetch_and_store_data' retrieved from /usr/local/airflow/dags/reverse_etl_dag.py
[2025-04-06T03:16:54.166+0000] {logging_mixin.py:190} INFO - [2025-04-06T03:16:54.166+0000] {dag.py:3239} INFO - Sync 1 DAGs
[2025-04-06T03:16:54.212+0000] {logging_mixin.py:190} INFO - [2025-04-06T03:16:54.212+0000] {dag.py:4180} INFO - Setting next_dagrun for fetch_and_store_data to 2025-04-06 00:00:00+00:00, run_after=2025-04-07 00:00:00+00:00
[2025-04-06T03:16:54.316+0000] {processor.py:208} INFO - Processing /usr/local/airflow/dags/reverse_etl_dag.py took 0.239 seconds
[2025-04-06T03:17:24.546+0000] {processor.py:186} INFO - Started process (PID=315) to work on /usr/local/airflow/dags/reverse_etl_dag.py
[2025-04-06T03:17:24.548+0000] {processor.py:914} INFO - Processing file /usr/local/airflow/dags/reverse_etl_dag.py for tasks to queue
[2025-04-06T03:17:24.552+0000] {logging_mixin.py:190} INFO - [2025-04-06T03:17:24.551+0000] {dagbag.py:588} INFO - Filling up the DagBag from /usr/local/airflow/dags/reverse_etl_dag.py
[2025-04-06T03:17:24.590+0000] {processor.py:925} INFO - DAG(s) 'fetch_and_store_data' retrieved from /usr/local/airflow/dags/reverse_etl_dag.py
[2025-04-06T03:17:24.653+0000] {logging_mixin.py:190} INFO - [2025-04-06T03:17:24.653+0000] {dag.py:3239} INFO - Sync 1 DAGs
[2025-04-06T03:17:24.705+0000] {logging_mixin.py:190} INFO - [2025-04-06T03:17:24.704+0000] {dag.py:4180} INFO - Setting next_dagrun for fetch_and_store_data to 2025-04-06 00:00:00+00:00, run_after=2025-04-07 00:00:00+00:00
[2025-04-06T03:17:24.797+0000] {processor.py:208} INFO - Processing /usr/local/airflow/dags/reverse_etl_dag.py took 0.263 seconds
[2025-04-06T03:17:55.264+0000] {processor.py:186} INFO - Started process (PID=316) to work on /usr/local/airflow/dags/reverse_etl_dag.py
[2025-04-06T03:17:55.266+0000] {processor.py:914} INFO - Processing file /usr/local/airflow/dags/reverse_etl_dag.py for tasks to queue
[2025-04-06T03:17:55.268+0000] {logging_mixin.py:190} INFO - [2025-04-06T03:17:55.267+0000] {dagbag.py:588} INFO - Filling up the DagBag from /usr/local/airflow/dags/reverse_etl_dag.py
[2025-04-06T03:17:55.305+0000] {processor.py:925} INFO - DAG(s) 'fetch_and_store_data' retrieved from /usr/local/airflow/dags/reverse_etl_dag.py
[2025-04-06T03:17:55.360+0000] {logging_mixin.py:190} INFO - [2025-04-06T03:17:55.360+0000] {dag.py:3239} INFO - Sync 1 DAGs
[2025-04-06T03:17:55.404+0000] {logging_mixin.py:190} INFO - [2025-04-06T03:17:55.404+0000] {dag.py:4180} INFO - Setting next_dagrun for fetch_and_store_data to 2025-04-06 00:00:00+00:00, run_after=2025-04-07 00:00:00+00:00
[2025-04-06T03:17:55.501+0000] {processor.py:208} INFO - Processing /usr/local/airflow/dags/reverse_etl_dag.py took 0.249 seconds
[2025-04-06T03:18:26.169+0000] {processor.py:186} INFO - Started process (PID=317) to work on /usr/local/airflow/dags/reverse_etl_dag.py
[2025-04-06T03:18:26.170+0000] {processor.py:914} INFO - Processing file /usr/local/airflow/dags/reverse_etl_dag.py for tasks to queue
[2025-04-06T03:18:26.172+0000] {logging_mixin.py:190} INFO - [2025-04-06T03:18:26.172+0000] {dagbag.py:588} INFO - Filling up the DagBag from /usr/local/airflow/dags/reverse_etl_dag.py
[2025-04-06T03:18:26.217+0000] {processor.py:925} INFO - DAG(s) 'fetch_and_store_data' retrieved from /usr/local/airflow/dags/reverse_etl_dag.py
[2025-04-06T03:18:26.286+0000] {logging_mixin.py:190} INFO - [2025-04-06T03:18:26.286+0000] {dag.py:3239} INFO - Sync 1 DAGs
[2025-04-06T03:18:26.340+0000] {logging_mixin.py:190} INFO - [2025-04-06T03:18:26.339+0000] {dag.py:4180} INFO - Setting next_dagrun for fetch_and_store_data to 2025-04-06 00:00:00+00:00, run_after=2025-04-07 00:00:00+00:00
[2025-04-06T03:18:26.441+0000] {processor.py:208} INFO - Processing /usr/local/airflow/dags/reverse_etl_dag.py took 0.281 seconds
[2025-04-06T03:18:56.928+0000] {processor.py:186} INFO - Started process (PID=318) to work on /usr/local/airflow/dags/reverse_etl_dag.py
[2025-04-06T03:18:56.929+0000] {processor.py:914} INFO - Processing file /usr/local/airflow/dags/reverse_etl_dag.py for tasks to queue
[2025-04-06T03:18:56.931+0000] {logging_mixin.py:190} INFO - [2025-04-06T03:18:56.930+0000] {dagbag.py:588} INFO - Filling up the DagBag from /usr/local/airflow/dags/reverse_etl_dag.py
[2025-04-06T03:18:56.960+0000] {processor.py:925} INFO - DAG(s) 'fetch_and_store_data' retrieved from /usr/local/airflow/dags/reverse_etl_dag.py
[2025-04-06T03:18:57.008+0000] {logging_mixin.py:190} INFO - [2025-04-06T03:18:57.007+0000] {dag.py:3239} INFO - Sync 1 DAGs
[2025-04-06T03:18:57.048+0000] {logging_mixin.py:190} INFO - [2025-04-06T03:18:57.048+0000] {dag.py:4180} INFO - Setting next_dagrun for fetch_and_store_data to 2025-04-06 00:00:00+00:00, run_after=2025-04-07 00:00:00+00:00
[2025-04-06T03:18:57.146+0000] {processor.py:208} INFO - Processing /usr/local/airflow/dags/reverse_etl_dag.py took 0.226 seconds
