[2025-04-05T17:19:58.755+0000] {local_task_job_runner.py:123} INFO - ::group::Pre task execution logs
[2025-04-05T17:19:58.797+0000] {taskinstance.py:2614} INFO - Dependencies all met for dep_context=non-requeueable deps ti=<TaskInstance: fetch_and_store_data.fetching_and_modelling scheduled__2025-04-04T00:00:00+00:00 [queued]>
[2025-04-05T17:19:58.823+0000] {taskinstance.py:2614} INFO - Dependencies all met for dep_context=requeueable deps ti=<TaskInstance: fetch_and_store_data.fetching_and_modelling scheduled__2025-04-04T00:00:00+00:00 [queued]>
[2025-04-05T17:19:58.824+0000] {taskinstance.py:2867} INFO - Starting attempt 2 of 2
[2025-04-05T17:19:58.888+0000] {taskinstance.py:2890} INFO - Executing <Task(BashOperator): fetching_and_modelling> on 2025-04-04 00:00:00+00:00
[2025-04-05T17:19:58.893+0000] {standard_task_runner.py:72} INFO - Started process 231 to run task
[2025-04-05T17:19:58.897+0000] {standard_task_runner.py:104} INFO - Running: ['airflow', 'tasks', 'run', 'fetch_and_store_data', 'fetching_and_modelling', 'scheduled__2025-04-04T00:00:00+00:00', '--job-id', '9', '--raw', '--subdir', 'DAGS_FOLDER/reverse_etl_dag.py', '--cfg-path', '/tmp/tmpm_czhl3a']
[2025-04-05T17:19:58.901+0000] {standard_task_runner.py:105} INFO - Job 9: Subtask fetching_and_modelling
[2025-04-05T17:19:59.039+0000] {task_command.py:467} INFO - Running <TaskInstance: fetch_and_store_data.fetching_and_modelling scheduled__2025-04-04T00:00:00+00:00 [running]> on host 20f80019eeb6
[2025-04-05T17:19:59.749+0000] {taskinstance.py:3134} INFO - Exporting env vars: AIRFLOW_CTX_DAG_OWNER='airflow' AIRFLOW_CTX_DAG_ID='fetch_and_store_data' AIRFLOW_CTX_TASK_ID='fetching_and_modelling' AIRFLOW_CTX_EXECUTION_DATE='2025-04-04T00:00:00+00:00' AIRFLOW_CTX_TRY_NUMBER='2' AIRFLOW_CTX_DAG_RUN_ID='scheduled__2025-04-04T00:00:00+00:00'
[2025-04-05T17:19:59.751+0000] {taskinstance.py:732} INFO - ::endgroup::
[2025-04-05T17:19:59.771+0000] {subprocess.py:78} INFO - Tmp dir root location: /tmp
[2025-04-05T17:19:59.772+0000] {subprocess.py:88} INFO - Running command: ['/usr/bin/bash', '-c', ' cd /usr/local/airflow/workfile && python datamodelling.py']
[2025-04-05T17:19:59.780+0000] {subprocess.py:99} INFO - Output:
[2025-04-05T17:20:20.729+0000] {subprocess.py:106} INFO - [2025-04-05T17:20:20.728+0000] {base.py:84} INFO - Retrieving connection 'postgres_default'
[2025-04-05T17:30:32.628+0000] {subprocess.py:110} INFO - Command exited with return code 0
[2025-04-05T17:30:32.712+0000] {taskinstance.py:341} INFO - ::group::Post task execution logs
[2025-04-05T17:30:32.713+0000] {taskinstance.py:353} INFO - Marking task as SUCCESS. dag_id=fetch_and_store_data, task_id=fetching_and_modelling, run_id=scheduled__2025-04-04T00:00:00+00:00, execution_date=20250404T000000, start_date=20250405T171958, end_date=20250405T173032
[2025-04-05T17:30:32.846+0000] {local_task_job_runner.py:266} INFO - Task exited with return code 0
[2025-04-05T17:30:32.907+0000] {taskinstance.py:3901} INFO - 1 downstream tasks scheduled from follow-on schedule check
[2025-04-05T17:30:32.910+0000] {standard_task_runner.py:217} INFO - Process not found (most likely exited), stop collecting metrics
[2025-04-05T17:30:32.931+0000] {local_task_job_runner.py:245} INFO - ::endgroup::
