[2025-04-05T20:13:04.094+0000] {local_task_job_runner.py:123} INFO - ::group::Pre task execution logs
[2025-04-05T20:13:04.144+0000] {taskinstance.py:2614} INFO - Dependencies all met for dep_context=non-requeueable deps ti=<TaskInstance: fetch_and_store_data.fetching_and_modelling manual__2025-04-05T20:12:32.674590+00:00 [queued]>
[2025-04-05T20:13:04.176+0000] {taskinstance.py:2614} INFO - Dependencies all met for dep_context=requeueable deps ti=<TaskInstance: fetch_and_store_data.fetching_and_modelling manual__2025-04-05T20:12:32.674590+00:00 [queued]>
[2025-04-05T20:13:04.177+0000] {taskinstance.py:2867} INFO - Starting attempt 1 of 2
[2025-04-05T20:13:04.251+0000] {taskinstance.py:2890} INFO - Executing <Task(BashOperator): fetching_and_modelling> on 2025-04-05 20:12:32.674590+00:00
[2025-04-05T20:13:04.258+0000] {standard_task_runner.py:72} INFO - Started process 352 to run task
[2025-04-05T20:13:04.284+0000] {standard_task_runner.py:104} INFO - Running: ['airflow', 'tasks', 'run', 'fetch_and_store_data', 'fetching_and_modelling', 'manual__2025-04-05T20:12:32.674590+00:00', '--job-id', '63', '--raw', '--subdir', 'DAGS_FOLDER/reverse_etl_dag.py', '--cfg-path', '/tmp/tmpamvd6np7']
[2025-04-05T20:13:04.293+0000] {standard_task_runner.py:105} INFO - Job 63: Subtask fetching_and_modelling
[2025-04-05T20:13:04.539+0000] {task_command.py:467} INFO - Running <TaskInstance: fetch_and_store_data.fetching_and_modelling manual__2025-04-05T20:12:32.674590+00:00 [running]> on host 830eaf47e7f8
[2025-04-05T20:13:04.823+0000] {taskinstance.py:3134} INFO - Exporting env vars: AIRFLOW_CTX_DAG_OWNER='airflow' AIRFLOW_CTX_DAG_ID='fetch_and_store_data' AIRFLOW_CTX_TASK_ID='fetching_and_modelling' AIRFLOW_CTX_EXECUTION_DATE='2025-04-05T20:12:32.674590+00:00' AIRFLOW_CTX_TRY_NUMBER='1' AIRFLOW_CTX_DAG_RUN_ID='manual__2025-04-05T20:12:32.674590+00:00'
[2025-04-05T20:13:04.827+0000] {taskinstance.py:732} INFO - ::endgroup::
[2025-04-05T20:13:04.870+0000] {subprocess.py:78} INFO - Tmp dir root location: /tmp
[2025-04-05T20:13:04.874+0000] {subprocess.py:88} INFO - Running command: ['/usr/bin/bash', '-c', ' cd /usr/local/airflow/workfile && python datamodelling.py']
[2025-04-05T20:13:04.894+0000] {subprocess.py:99} INFO - Output:
[2025-04-05T20:13:22.664+0000] {subprocess.py:106} INFO - [2025-04-05T20:13:22.661+0000] {base.py:84} INFO - Retrieving connection 'postgres_default'
[2025-04-05T20:19:42.633+0000] {subprocess.py:110} INFO - Command exited with return code 0
[2025-04-05T20:19:42.735+0000] {taskinstance.py:341} INFO - ::group::Post task execution logs
[2025-04-05T20:19:42.737+0000] {taskinstance.py:353} INFO - Marking task as SUCCESS. dag_id=fetch_and_store_data, task_id=fetching_and_modelling, run_id=manual__2025-04-05T20:12:32.674590+00:00, execution_date=20250405T201232, start_date=20250405T201304, end_date=20250405T201942
[2025-04-05T20:19:42.950+0000] {local_task_job_runner.py:266} INFO - Task exited with return code 0
[2025-04-05T20:19:43.042+0000] {taskinstance.py:3901} INFO - 1 downstream tasks scheduled from follow-on schedule check
[2025-04-05T20:19:43.062+0000] {local_task_job_runner.py:245} INFO - ::endgroup::
